"../../../../../../Users/PCG04/Documents/Repositories/T3Candles/T3Candles/Content/Geometry/Meshes/CubeMaterial.uasset" 0
"../../../../../../Users/PCG04/Documents/Repositories/T3Candles/T3Candles/Content/Geometry/Meshes/1M_Cube_Chamfer.uasset" 1
"../../../../../../Users/PCG04/Documents/Repositories/T3Candles/T3Candles/Content/Geometry/Meshes/TemplateFloor.uasset" 2
"../../../../../../Users/PCG04/Documents/Repositories/T3Candles/T3Candles/Content/ProyectoShidori/Models/table2_Extrude_NURBSMat.uasset" 3
"../../../../../../Users/PCG04/Documents/Repositories/T3Candles/T3Candles/Content/ProyectoShidori/Models/table2_Extrude_NURBS_1Mat.uasset" 4
"../../../../../../Users/PCG04/Documents/Repositories/T3Candles/T3Candles/Content/ProyectoShidori/Models/table2_Extrude_NURBS_1_Cap_12Mat.uasset" 5
"../../../../../../Users/PCG04/Documents/Repositories/T3Candles/T3Candles/Content/ProyectoShidori/Models/table2_Extrude_NURBS_1_Cap_22Mat.uasset" 6
"../../../../../../Users/PCG04/Documents/Repositories/T3Candles/T3Candles/Content/ProyectoShidori/Models/table2_Extrude_NURBS_2_Rectangle_51_Rectangle_2Mat.uasset" 7
"../../../../../../Users/PCG04/Documents/Repositories/T3Candles/T3Candles/Content/ProyectoShidori/Models/table2_Extrude_NURBS_2_Rectangle_51_Rectangle_2_Rounding_13Mat.uasset" 8
"../../../../../../Users/PCG04/Documents/Repositories/T3Candles/T3Candles/Content/ProyectoShidori/Models/table2_Extrude_NURBS_2_Rectangle_51_Rectangle_2_Rounding_13_Cap_11Mat.uasset" 9
"../../../../../../Users/PCG04/Documents/Repositories/T3Candles/T3Candles/Content/ProyectoShidori/Models/table2_Extrude_NURBS_2_Rectangle_51_Rectangle_2_Rounding_24Mat.uasset" 10
"../../../../../../Users/PCG04/Documents/Repositories/T3Candles/T3Candles/Content/ProyectoShidori/Models/table2_Extrude_NURBS_2_Rectangle_51_Rectangle_2_Rounding_24_Cap_2Mat.uasset" 11
"../../../../../../Users/PCG04/Documents/Repositories/T3Candles/T3Candles/Content/ProyectoShidori/Models/table2_Extrude_NURBS_2_Rectangle_51_Rectangle_3Mat.uasset" 12
"../../../../../../Users/PCG04/Documents/Repositories/T3Candles/T3Candles/Content/ProyectoShidori/Models/table2_Extrude_NURBS_2_Rectangle_51_Rectangle_3_Rounding_11Mat.uasset" 13
"../../../../../../Users/PCG04/Documents/Repositories/T3Candles/T3Candles/Content/ProyectoShidori/Models/table2_Extrude_NURBS_2_Rectangle_51_Rectangle_3_Rounding_11_Cap_17Mat.uasset" 14
"../../../../../../Users/PCG04/Documents/Repositories/T3Candles/T3Candles/Content/ProyectoShidori/Models/table2_Extrude_NURBS_2_Rectangle_51_Rectangle_3_Rounding_22Mat.uasset" 15
"../../../../../../Users/PCG04/Documents/Repositories/T3Candles/T3Candles/Content/ProyectoShidori/Models/table2_Extrude_NURBS_2_Rectangle_51_Rectangle_3_Rounding_22_Cap_27Mat.uasset" 16
"../../../../../../Users/PCG04/Documents/Repositories/T3Candles/T3Candles/Content/ProyectoShidori/Models/table2_Extrude_NURBS_2_Rectangle_51_Rectangle_4Mat.uasset" 17
"../../../../../../Users/PCG04/Documents/Repositories/T3Candles/T3Candles/Content/ProyectoShidori/Models/table2_Extrude_NURBS_2_Rectangle_51_Rectangle_4_Rounding_1Mat.uasset" 18
"../../../../../../Users/PCG04/Documents/Repositories/T3Candles/T3Candles/Content/ProyectoShidori/Models/table2_Extrude_NURBS_2_Rectangle_51_Rectangle_4_Rounding_1_Cap_19Mat.uasset" 19
"../../../../../../Users/PCG04/Documents/Repositories/T3Candles/T3Candles/Content/ProyectoShidori/Models/table2_Extrude_NURBS_2_Rectangle_51_Rectangle_4_Rounding_2Mat.uasset" 20
"../../../../../../Users/PCG04/Documents/Repositories/T3Candles/T3Candles/Content/ProyectoShidori/Models/table2_Extrude_NURBS_2_Rectangle_51_Rectangle_4_Rounding_2_Cap_29Mat.uasset" 21
"../../../../../../Users/PCG04/Documents/Repositories/T3Candles/T3Candles/Content/ProyectoShidori/Models/table2_Extrude_NURBS_2_Rectangle_51_Rectangle_5Mat.uasset" 22
"../../../../../../Users/PCG04/Documents/Repositories/T3Candles/T3Candles/Content/ProyectoShidori/Models/table2_Extrude_NURBS_2_Rectangle_51_Rectangle_5_Rounding_12Mat.uasset" 23
"../../../../../../Users/PCG04/Documents/Repositories/T3Candles/T3Candles/Content/ProyectoShidori/Models/table2_Extrude_NURBS_2_Rectangle_51_Rectangle_5_Rounding_12_Cap_18Mat.uasset" 24
"../../../../../../Users/PCG04/Documents/Repositories/T3Candles/T3Candles/Content/ProyectoShidori/Models/table2_Extrude_NURBS_2_Rectangle_51_Rectangle_5_Rounding_21Mat.uasset" 25
"../../../../../../Users/PCG04/Documents/Repositories/T3Candles/T3Candles/Content/ProyectoShidori/Models/table2_Extrude_NURBS_2_Rectangle_51_Rectangle_5_Rounding_21_Cap_28Mat.uasset" 26
"../../../../../../Users/PCG04/Documents/Repositories/T3Candles/T3Candles/Content/ProyectoShidori/Models/table2_Extrude_NURBS_31Mat.uasset" 27
"../../../../../../Users/PCG04/Documents/Repositories/T3Candles/T3Candles/Content/ProyectoShidori/Models/table2_Extrude_NURBS_31_Cap_15Mat.uasset" 28
"../../../../../../Users/PCG04/Documents/Repositories/T3Candles/T3Candles/Content/ProyectoShidori/Models/table2_Extrude_NURBS_31_Cap_25Mat.uasset" 29
"../../../../../../Users/PCG04/Documents/Repositories/T3Candles/T3Candles/Content/ProyectoShidori/Models/table2_Extrude_NURBS_3Mat.uasset" 30
"../../../../../../Users/PCG04/Documents/Repositories/T3Candles/T3Candles/Content/ProyectoShidori/Models/table2_Extrude_NURBS_3_Cap_13Mat.uasset" 31
"../../../../../../Users/PCG04/Documents/Repositories/T3Candles/T3Candles/Content/ProyectoShidori/Models/table2_Extrude_NURBS_3_Cap_23Mat.uasset" 32
"../../../../../../Users/PCG04/Documents/Repositories/T3Candles/T3Candles/Content/ProyectoShidori/Models/table2_Extrude_NURBS_4Mat.uasset" 33
"../../../../../../Users/PCG04/Documents/Repositories/T3Candles/T3Candles/Content/ProyectoShidori/Models/table2_Extrude_NURBS_51Mat.uasset" 34
"../../../../../../Users/PCG04/Documents/Repositories/T3Candles/T3Candles/Content/ProyectoShidori/Models/table2_Extrude_NURBS_51_Cap_16Mat.uasset" 35
"../../../../../../Users/PCG04/Documents/Repositories/T3Candles/T3Candles/Content/ProyectoShidori/Models/table2_Extrude_NURBS_51_Cap_26Mat.uasset" 36
"../../../../../../Users/PCG04/Documents/Repositories/T3Candles/T3Candles/Content/ProyectoShidori/Models/table2_Extrude_NURBS_5Mat.uasset" 37
"../../../../../../Users/PCG04/Documents/Repositories/T3Candles/T3Candles/Content/ProyectoShidori/Models/table2_Extrude_NURBS_5_Cap_14Mat.uasset" 38
"../../../../../../Users/PCG04/Documents/Repositories/T3Candles/T3Candles/Content/ProyectoShidori/Models/table2_Extrude_NURBS_5_Cap_24Mat.uasset" 39
"../../../../../../Users/PCG04/Documents/Repositories/T3Candles/T3Candles/Content/ProyectoShidori/Models/table2_Extrude_NURBS_Rounding_14Mat.uasset" 40
"../../../../../../Users/PCG04/Documents/Repositories/T3Candles/T3Candles/Content/ProyectoShidori/Models/table2_Extrude_NURBS_Rounding_14_Cap_1Mat.uasset" 41
"../../../../../../Users/PCG04/Documents/Repositories/T3Candles/T3Candles/Content/ProyectoShidori/Models/table2_Extrude_NURBS_Rounding_23Mat.uasset" 42
"../../../../../../Users/PCG04/Documents/Repositories/T3Candles/T3Candles/Content/ProyectoShidori/Models/table2_Extrude_NURBS_Rounding_23_Cap_21Mat.uasset" 43
"../../../../../../Users/PCG04/Documents/Repositories/T3Candles/T3Candles/Content/ProyectoShidori/Models/Nivel/Arabesque_Tile_Wall_INST_basecolor.uasset" 44
"../../../../../../Users/PCG04/Documents/Repositories/T3Candles/T3Candles/Content/ProyectoShidori/Models/Nivel/Arabesque_Tile_Wall_INST_metallic.uasset" 45
"../../../../../../Users/PCG04/Documents/Repositories/T3Candles/T3Candles/Content/ProyectoShidori/Models/Nivel/Arabesque_Tile_Wall_INST_normal.uasset" 46
"../../../../../../Users/PCG04/Documents/Repositories/T3Candles/T3Candles/Content/ProyectoShidori/Models/Nivel/Arabesque_Tile_Wall_INST_roughness.uasset" 47
"../../../../../../Users/PCG04/Documents/Repositories/T3Candles/T3Candles/Content/ProyectoShidori/Models/Nivel/Arabesque_Tile_Wall_MAT.uasset" 48
"../../../../../../Users/PCG04/Documents/Repositories/T3Candles/T3Candles/Content/ProyectoShidori/Models/Nivel/arabesque_tile_wall.uasset" 49
"../../../../../../Users/PCG04/Documents/Repositories/T3Candles/T3Candles/Content/ProyectoShidori/Models/Nivel/Arabesque_Tile_Wall_INST.uasset" 50
"../../../../../../Users/PCG04/Documents/Repositories/T3Candles/T3Candles/Content/ProyectoShidori/Models/Nivel/Arabesque_Tile_Wall_INST_specular.uasset" 51
"../../../../../../Users/PCG04/Documents/Repositories/T3Candles/T3Candles/Content/ProyectoShidori/Models/Nivel/Granite_Rock_Mossy_INST_ambientocclusion.uasset" 52
"../../../../../../Users/PCG04/Documents/Repositories/T3Candles/T3Candles/Content/ProyectoShidori/Models/Nivel/Granite_Rock_Mossy_INST_basecolor.uasset" 53
"../../../../../../Users/PCG04/Documents/Repositories/T3Candles/T3Candles/Content/ProyectoShidori/Models/Nivel/Granite_Rock_Mossy_INST_metallic.uasset" 54
"../../../../../../Users/PCG04/Documents/Repositories/T3Candles/T3Candles/Content/ProyectoShidori/Models/Nivel/Granite_Rock_Mossy_INST_normal.uasset" 55
"../../../../../../Users/PCG04/Documents/Repositories/T3Candles/T3Candles/Content/ProyectoShidori/Models/Nivel/Granite_Rock_Mossy_INST_roughness.uasset" 56
"../../../../../../Users/PCG04/Documents/Repositories/T3Candles/T3Candles/Content/ProyectoShidori/Models/Nivel/Granite_Rock_Mossy_MAT.uasset" 57
"../../../../../../Users/PCG04/Documents/Repositories/T3Candles/T3Candles/Content/ProyectoShidori/Models/Nivel/granite_rock_mossy.uasset" 58
"../../../../../../Users/PCG04/Documents/Repositories/T3Candles/T3Candles/Content/ProyectoShidori/Models/Nivel/Granite_Rock_Mossy_INST.uasset" 59
"../../../../../../Users/PCG04/Documents/Repositories/T3Candles/T3Candles/Content/ProyectoShidori/Models/Nivel/Granite_Rock_Mossy_INST_specular.uasset" 60
"../../../../../../Users/PCG04/Documents/Repositories/T3Candles/T3Candles/Content/ProyectoShidori/Models/Nivel/Planks_Wide_Rustic_INST_ambient_occlusion.uasset" 61
"../../../../../../Users/PCG04/Documents/Repositories/T3Candles/T3Candles/Content/ProyectoShidori/Models/Nivel/Planks_Wide_Rustic_INST_basecolor.uasset" 62
"../../../../../../Users/PCG04/Documents/Repositories/T3Candles/T3Candles/Content/ProyectoShidori/Models/Nivel/Planks_Wide_Rustic_INST_metallic.uasset" 63
"../../../../../../Users/PCG04/Documents/Repositories/T3Candles/T3Candles/Content/ProyectoShidori/Models/Nivel/Planks_Wide_Rustic_INST_normal.uasset" 64
"../../../../../../Users/PCG04/Documents/Repositories/T3Candles/T3Candles/Content/ProyectoShidori/Models/Nivel/Planks_Wide_Rustic_INST_roughness.uasset" 65
"../../../../../../Users/PCG04/Documents/Repositories/T3Candles/T3Candles/Content/ProyectoShidori/Models/Nivel/Planks_Wide_Rustic_MAT.uasset" 66
"../../../../../../Users/PCG04/Documents/Repositories/T3Candles/T3Candles/Content/ProyectoShidori/Models/Nivel/planks_wide_rustic.uasset" 67
"../../../../../../Users/PCG04/Documents/Repositories/T3Candles/T3Candles/Content/ProyectoShidori/Models/Nivel/Planks_Wide_Rustic_INST.uasset" 68
"../../../../../../Users/PCG04/Documents/Repositories/T3Candles/T3Candles/Content/ProyectoShidori/Models/Nivel/Planks_Wide_Rustic_INST_specular.uasset" 69
"../../../../../../Users/PCG04/Documents/Repositories/T3Candles/T3Candles/Content/StarterContent/Materials/M_Basic_Wall.uasset" 70
"../../../../../../Users/PCG04/Documents/Repositories/T3Candles/T3Candles/Content/StarterContent/Architecture/Pillar_50x500.uasset" 71
"../../../../../../Users/PCG04/Documents/Repositories/T3Candles/T3Candles/Content/StarterContent/Architecture/Wall_400x300.uasset" 72
"../../../../../../Users/PCG04/Documents/Repositories/T3Candles/T3Candles/Content/StarterContent/Architecture/Wall_400x400.uasset" 73
"../../../../../../Users/PCG04/Documents/Repositories/T3Candles/T3Candles/Content/StarterContent/Architecture/Wall_500x500.uasset" 74
"../../../../../../Users/PCG04/Documents/Repositories/T3Candles/T3Candles/Content/StarterContent/Architecture/Wall_Door_400x400.uasset" 75
"../../../../../../Users/PCG04/Documents/Repositories/T3Candles/T3Candles/Content/StarterContent/Architecture/Wall_Window_400x400.uasset" 76
"../../../../../../Users/PCG04/Documents/Repositories/T3Candles/T3Candles/Content/StarterContent/Audio/Collapse01.uasset" 77
"../../../../../../Users/PCG04/Documents/Repositories/T3Candles/T3Candles/Content/StarterContent/Audio/Collapse02.uasset" 78
"../../../../../../Users/PCG04/Documents/Repositories/T3Candles/T3Candles/Content/StarterContent/Audio/Explosion01.uasset" 79
"../../../../../../Users/PCG04/Documents/Repositories/T3Candles/T3Candles/Content/StarterContent/Audio/Explosion02.uasset" 80
"../../../../../../Users/PCG04/Documents/Repositories/T3Candles/T3Candles/Content/StarterContent/Audio/Fire01.uasset" 81
"../../../../../../Users/PCG04/Documents/Repositories/T3Candles/T3Candles/Content/StarterContent/Audio/Fire_Sparks01.uasset" 82
"../../../../../../Users/PCG04/Documents/Repositories/T3Candles/T3Candles/Content/StarterContent/Audio/Light01.uasset" 83
"../../../../../../Users/PCG04/Documents/Repositories/T3Candles/T3Candles/Content/StarterContent/Audio/Light01_Cue.uasset" 84
"../../../../../../Users/PCG04/Documents/Repositories/T3Candles/T3Candles/Content/StarterContent/Audio/Light02.uasset" 85
"../../../../../../Users/PCG04/Documents/Repositories/T3Candles/T3Candles/Content/StarterContent/Audio/Light02_Cue.uasset" 86
"../../../../../../Users/PCG04/Documents/Repositories/T3Candles/T3Candles/Content/StarterContent/Audio/Smoke01.uasset" 87
"../../../../../../Users/PCG04/Documents/Repositories/T3Candles/T3Candles/Content/StarterContent/Audio/Starter_Birds01.uasset" 88
"../../../../../../Users/PCG04/Documents/Repositories/T3Candles/T3Candles/Content/StarterContent/Audio/Starter_Music01.uasset" 89
"../../../../../../Users/PCG04/Documents/Repositories/T3Candles/T3Candles/Content/StarterContent/Audio/Starter_Wind05.uasset" 90
"../../../../../../Users/PCG04/Documents/Repositories/T3Candles/T3Candles/Content/StarterContent/Audio/Starter_Wind06.uasset" 91
"../../../../../../Users/PCG04/Documents/Repositories/T3Candles/T3Candles/Content/StarterContent/Audio/Steam01.uasset" 92
"../../../../../../Users/PCG04/Documents/Repositories/T3Candles/T3Candles/Content/StarterContent/Audio/Explosion_Cue.uasset" 93
"../../../../../../Users/PCG04/Documents/Repositories/T3Candles/T3Candles/Content/StarterContent/Textures/T_Burst_M.uasset" 94
"../../../../../../Users/PCG04/Documents/Repositories/T3Candles/T3Candles/Content/StarterContent/Particles/Materials/M_Burst.uasset" 95
"../../../../../../Users/PCG04/Documents/Repositories/T3Candles/T3Candles/Content/StarterContent/Textures/T_Explosion_SubUV.uasset" 96
"../../../../../../Users/PCG04/Documents/Repositories/T3Candles/T3Candles/Content/StarterContent/Particles/Materials/M_explosion_subUV.uasset" 97
"../../../../../../Users/PCG04/Documents/Repositories/T3Candles/T3Candles/Content/StarterContent/Particles/Materials/m_flare_01.uasset" 98
"../../../Engine/Content/Functions/Engine_MaterialFunctions01/Gradient/RadialGradient.uasset" 99
"../../../../../../Users/PCG04/Documents/Repositories/T3Candles/T3Candles/Content/StarterContent/Particles/Materials/M_radial_ramp.uasset" 100
"../../../../../../Users/PCG04/Documents/Repositories/T3Candles/T3Candles/Content/StarterContent/Textures/T_Smoke_SubUV.uasset" 101
"../../../../../../Users/PCG04/Documents/Repositories/T3Candles/T3Candles/Content/StarterContent/Textures/T_Smoke_Tiled_D.uasset" 102
"../../../../../../Users/PCG04/Documents/Repositories/T3Candles/T3Candles/Content/StarterContent/Particles/Materials/M_smoke_subUV.uasset" 103
"../../../../../../Users/PCG04/Documents/Repositories/T3Candles/T3Candles/Content/StarterContent/Particles/P_Explosion.uasset" 104
"../../../../../../Users/PCG04/Documents/Repositories/T3Candles/T3Candles/Content/StarterContent/Blueprints/Blueprint_Effect_Explosion.uasset" 105
"../../../Engine/Content/EditorMeshes/ColorCalibrator/T_ColorGrid.uasset" 106
"../../../../../../Users/PCG04/Documents/Repositories/T3Candles/T3Candles/Content/StarterContent/Materials/M_ColorGrid_LowSpec.uasset" 107
"../../../../../../Users/PCG04/Documents/Repositories/T3Candles/T3Candles/Content/StarterContent/Textures/T_Bush_D.uasset" 108
"../../../../../../Users/PCG04/Documents/Repositories/T3Candles/T3Candles/Content/StarterContent/Textures/T_Bush_N.uasset" 109
"../../../../../../Users/PCG04/Documents/Repositories/T3Candles/T3Candles/Content/StarterContent/Props/Materials/M_Bush.uasset" 110
"../../../../../../Users/PCG04/Documents/Repositories/T3Candles/T3Candles/Content/StarterContent/Props/SM_Bush.uasset" 111
"../../../../../../Users/PCG04/Documents/Repositories/T3Candles/T3Candles/Content/StarterContent/Textures/T_Chair_M.uasset" 112
"../../../../../../Users/PCG04/Documents/Repositories/T3Candles/T3Candles/Content/StarterContent/Textures/T_Chair_N.uasset" 113
"../../../../../../Users/PCG04/Documents/Repositories/T3Candles/T3Candles/Content/StarterContent/Props/Materials/M_Chair.uasset" 114
"../../../../../../Users/PCG04/Documents/Repositories/T3Candles/T3Candles/Content/StarterContent/Props/SM_Couch.uasset" 115
"../../../../../../Users/PCG04/Documents/Repositories/T3Candles/T3Candles/Content/StarterContent/Materials/M_Glass.uasset" 116
"../../../../../../Users/PCG04/Documents/Repositories/T3Candles/T3Candles/Content/StarterContent/Textures/T_Door_M.uasset" 117
"../../../../../../Users/PCG04/Documents/Repositories/T3Candles/T3Candles/Content/StarterContent/Textures/T_Door_N.uasset" 118
"../../../../../../Users/PCG04/Documents/Repositories/T3Candles/T3Candles/Content/StarterContent/Props/Materials/M_Door.uasset" 119
"../../../../../../Users/PCG04/Documents/Repositories/T3Candles/T3Candles/Content/StarterContent/Props/SM_Door.uasset" 120
"../../../../../../Users/PCG04/Documents/Repositories/T3Candles/T3Candles/Content/StarterContent/Props/Materials/M_MaterialSphere.uasset" 121
"../../../../../../Users/PCG04/Documents/Repositories/T3Candles/T3Candles/Content/StarterContent/Props/Materials/M_MaterialSphere_Plain.uasset" 122
"../../../../../../Users/PCG04/Documents/Repositories/T3Candles/T3Candles/Content/StarterContent/Props/SM_MatPreviewMesh_02.uasset" 123
"../../../Engine/Content/Functions/Engine_MaterialFunctions02/Utility/BlendAngleCorrectedNormals.uasset" 124
"../../../../../../Users/PCG04/Documents/Repositories/T3Candles/T3Candles/Content/StarterContent/Textures/T_Detail_Rocky_N.uasset" 125
"../../../../../../Users/PCG04/Documents/Repositories/T3Candles/T3Candles/Content/StarterContent/Textures/T_Rock_Basalt_D.uasset" 126
"../../../../../../Users/PCG04/Documents/Repositories/T3Candles/T3Candles/Content/StarterContent/Textures/T_RockMesh_M.uasset" 127
"../../../../../../Users/PCG04/Documents/Repositories/T3Candles/T3Candles/Content/StarterContent/Textures/T_RockMesh_N.uasset" 128
"../../../../../../Users/PCG04/Documents/Repositories/T3Candles/T3Candles/Content/StarterContent/Props/Materials/M_Rock.uasset" 129
"../../../../../../Users/PCG04/Documents/Repositories/T3Candles/T3Candles/Content/StarterContent/Props/SM_Rock.uasset" 130
"../../../../../../Users/PCG04/Documents/Repositories/T3Candles/T3Candles/Content/StarterContent/Textures/T_Shelf_M.uasset" 131
"../../../../../../Users/PCG04/Documents/Repositories/T3Candles/T3Candles/Content/StarterContent/Textures/T_Shelf_N.uasset" 132
"../../../../../../Users/PCG04/Documents/Repositories/T3Candles/T3Candles/Content/StarterContent/Props/Materials/M_Shelf.uasset" 133
"../../../../../../Users/PCG04/Documents/Repositories/T3Candles/T3Candles/Content/StarterContent/Props/SM_Shelf.uasset" 134
"../../../../../../Users/PCG04/Documents/Repositories/T3Candles/T3Candles/Content/StarterContent/Materials/M_Basic_Floor.uasset" 135
"../../../../../../Users/PCG04/Documents/Repositories/T3Candles/T3Candles/Content/StarterContent/Props/SM_Stairs.uasset" 136
"../../../../../../Users/PCG04/Documents/Repositories/T3Candles/T3Candles/Content/StarterContent/Shapes/Shape_Cone.uasset" 137
"../../../../../../Users/PCG04/Documents/Repositories/T3Candles/T3Candles/Content/StarterContent/Shapes/Shape_Cylinder.uasset" 138
"../../../../../../Users/PCG04/Documents/Repositories/T3Candles/T3Candles/Content/StarterContent/Shapes/Shape_NarrowCapsule.uasset" 139
"../../../../../../Users/PCG04/Documents/Repositories/T3Candles/T3Candles/Content/StarterContent/Shapes/Shape_Pipe.uasset" 140
"../../../../../../Users/PCG04/Documents/Repositories/T3Candles/T3Candles/Content/StarterContent/Shapes/Shape_Pipe_180.uasset" 141
"../../../../../../Users/PCG04/Documents/Repositories/T3Candles/T3Candles/Content/StarterContent/Shapes/Shape_Pipe_90.uasset" 142
"../../../../../../Users/PCG04/Documents/Repositories/T3Candles/T3Candles/Content/StarterContent/Shapes/Shape_Plane.uasset" 143
"../../../../../../Users/PCG04/Documents/Repositories/T3Candles/T3Candles/Content/StarterContent/Shapes/Shape_Torus.uasset" 144
"../../../../../../Users/PCG04/Documents/Repositories/T3Candles/T3Candles/Content/StarterContent/Shapes/Shape_Trim.uasset" 145
"../../../../../../Users/PCG04/Documents/Repositories/T3Candles/T3Candles/Content/StarterContent/Shapes/Shape_Trim_90_In.uasset" 146
"../../../../../../Users/PCG04/Documents/Repositories/T3Candles/T3Candles/Content/StarterContent/Shapes/Shape_Trim_90_Out.uasset" 147
"../../../../../../Users/PCG04/Documents/Repositories/T3Candles/T3Candles/Content/StarterContent/Shapes/Shape_TriPyramid.uasset" 148
"../../../../../../Users/PCG04/Documents/Repositories/T3Candles/T3Candles/Content/StarterContent/Shapes/Shape_Tube.uasset" 149
"../../../../../../Users/PCG04/Documents/Repositories/T3Candles/T3Candles/Content/StarterContent/Shapes/Shape_Wedge_A.uasset" 150
"../../../../../../Users/PCG04/Documents/Repositories/T3Candles/T3Candles/Content/StarterContent/Shapes/Shape_Wedge_B.uasset" 151
"../../../../../../Users/PCG04/Documents/Repositories/T3Candles/T3Candles/Content/StarterContent/Shapes/Shape_WideCapsule.uasset" 152
"../../../../../../Users/PCG04/Documents/Repositories/T3Candles/T3Candles/Content/VirtualReality/Materials/M_BaseMaterial.uasset" 153
"../../../../../../Users/PCG04/Documents/Repositories/T3Candles/T3Candles/Content/VirtualReality/Materials/MI_SmallCubes.uasset" 154
"../../../Engine/Content/Functions/Engine_MaterialFunctions01/Opacity/CameraDepthFade.uasset" 155
"../../../Engine/Content/EngineMaterials/T_Default_Material_Grid_M.uasset" 156
"../../../Engine/Content/EngineMaterials/T_Default_Material_Grid_N.uasset" 157
"../../../Engine/Content/EngineMaterials/WorldGridMaterial.uasset" 158
"../../../Engine/Content/ArtTools/RenderToTexture/Meshes/S_1_Unit_Plane.uasset" 159
"../../../Engine/Content/EngineMaterials/DefaultMaterial.uasset" 160
"../../../Engine/Content/BasicShapes/Cone.uasset" 161
"../../../Engine/Content/BasicShapes/Plane.uasset" 162
"../../../Engine/Content/EditorLandscapeResources/DataLayer.uasset" 163
"../../../Engine/Content/EditorMaterials/GizmoMaterial.uasset" 164
"../../../Engine/Content/EditorMaterials/MAT_Groups_Toggle.uasset" 165
"../../../Engine/Content/EditorMaterials/MAT_Groups_Visibility.uasset" 166
"../../../Engine/Content/EditorMaterials/PreviewShadowIndicator.uasset" 167
"../../../Engine/Content/EditorMaterials/PreviewShadowIndicatorMaterial.uasset" 168
"../../../Engine/Content/EditorMaterials/MatineeGroups/MAT_ColorTrack.uasset" 169
"../../../Engine/Content/EditorMaterials/MatineeGroups/MAT_Groups_Anim.uasset" 170
"../../../Engine/Content/EditorMaterials/MatineeGroups/MAT_Groups_AudioMaster.uasset" 171
"../../../Engine/Content/EditorMaterials/MatineeGroups/MAT_Groups_Director.uasset" 172
"../../../Engine/Content/EditorMaterials/MatineeGroups/MAT_Groups_Event.uasset" 173
"../../../Engine/Content/EditorMaterials/MatineeGroups/MAT_Groups_Fade.uasset" 174
"../../../Engine/Content/EditorMaterials/MatineeGroups/MAT_Groups_Float.uasset" 175
"../../../Engine/Content/EditorMaterials/MatineeGroups/MAT_Groups_Move.uasset" 176
"../../../Engine/Content/EditorMaterials/MatineeGroups/MAT_Groups_Slomo.uasset" 177
"../../../Engine/Content/EditorMaterials/MatineeGroups/MAT_Groups_Sound.uasset" 178
"../../../Engine/Content/EditorMaterials/MatineeGroups/MAT_Groups_Vector.uasset" 179
"../../../Engine/Content/EditorMaterials/ParticleSystems/PSysThumbnail_NoImage.uasset" 180
"../../../Engine/Content/EditorMaterials/ParticleSystems/PSysThumbnail_OOD.uasset" 181
"../../../Engine/Content/EditorMaterials/Camera/CineMat.uasset" 182
"../../../Engine/Content/EditorMaterials/Camera/MI_CineMat_Rig.uasset" 183
"../../../Engine/Content/EditorMeshes/Camera/SM_CraneRig_Arm.uasset" 184
"../../../Engine/Content/EditorMeshes/Camera/SM_CraneRig_Base.uasset" 185
"../../../Engine/Content/EditorMeshes/Camera/SM_CraneRig_Body.uasset" 186
"../../../Engine/Content/EditorMeshes/Camera/SM_CraneRig_Mount.uasset" 187
"../../../Engine/Content/EditorMeshes/Camera/SM_RailRig_Mount.uasset" 188
"../../../Engine/Content/EditorMeshes/Camera/SM_RailRig_Track.uasset" 189
"../../../Engine/Content/EditorResources/BSPVertex.uasset" 190
"../../../Engine/Content/EditorResources/EmptyActor.uasset" 191
"../../../Engine/Content/EditorResources/S_Actor.uasset" 192
"../../../Engine/Content/EditorResources/S_Trigger.uasset" 193
"../../../Engine/Content/EditorResources/AudioIcons/S_AudioComponent.uasset" 194
"../../../Engine/Content/EditorResources/AudioIcons/S_AudioComponent_AutoActivate.uasset" 195
"../../../Engine/Content/EditorResources/LightIcons/S_LightError.uasset" 196
"../../../Engine/Content/EditorResources/SequenceRecorder/Countdown.uasset" 197
"../../../Engine/Content/EditorResources/SequenceRecorder/RecordingIndicator.uasset" 198
"../../../Engine/Content/EditorSounds/Notifications/CompileFailed.uasset" 199
"../../../Engine/Content/EditorSounds/Notifications/CompileFailed_Cue.uasset" 200
"../../../Engine/Content/EditorSounds/Notifications/CompileSuccess.uasset" 201
"../../../Engine/Content/EditorSounds/Notifications/CompileStart_Cue.uasset" 202
"../../../Engine/Content/EditorSounds/Notifications/CompileSuccess_Cue.uasset" 203
"../../../Engine/Content/EngineDamageTypes/DmgTypeBP_Environmental.uasset" 204
"../../../Engine/Content/EngineDebugMaterials/HeatmapGradient.uasset" 205
"../../../Engine/Content/EngineDebugMaterials/BoneWeightMaterial.uasset" 206
"../../../Engine/Content/EngineDebugMaterials/ClothMaterial.uasset" 207
"../../../Engine/Content/EngineDebugMaterials/ClothMaterial_WF.uasset" 208
"../../../Engine/Content/EngineDebugMaterials/DebugEditorMaterial.uasset" 209
"../../../Engine/Content/EngineDebugMaterials/DebugMeshMaterial.uasset" 210
"../../../Engine/Content/EngineDebugMaterials/GeomMaterial.uasset" 211
"../../../Engine/Content/EngineDebugMaterials/M_SimpleTranslucent.uasset" 212
"../../../Engine/Content/EngineFonts/Faces/RobotoBold.uasset" 213
"../../../Engine/Content/EngineFonts/Faces/RobotoBoldItalic.uasset" 214
"../../../Engine/Content/EngineFonts/Faces/RobotoItalic.uasset" 215
"../../../Engine/Content/EngineFonts/Faces/RobotoLight.uasset" 216
"../../../Engine/Content/EngineFonts/Faces/RobotoRegular.uasset" 217
"../../../Engine/Content/EngineFonts/Roboto.uasset" 218
"../../../Engine/Content/EngineFonts/Faces/RobotoTiny.uasset" 219
"../../../Engine/Content/EngineFonts/RobotoTiny.uasset" 220
"../../../Engine/Content/EngineMaterials/BaseFlattenDiffuseMap.uasset" 221
"../../../Engine/Content/EngineMaterials/BaseFlattenEmissiveMap.uasset" 222
"../../../Engine/Content/EngineMaterials/BaseFlattenGrayscaleMap.uasset" 223
"../../../Engine/Content/EngineMaterials/BaseFlattenNormalMap.uasset" 224
"../../../Engine/Content/EngineMaterials/BaseFlattenMaterial.uasset" 225
"../../../Engine/Content/EngineMaterials/DefaultBloomKernel.uasset" 226
"../../../Engine/Content/EngineMaterials/DefaultBokeh.uasset" 227
"../../../Engine/Content/EngineMaterials/DefaultDiffuse.uasset" 228
"../../../Engine/Content/EngineMaterials/DefaultDeferredDecalMaterial.uasset" 229
"../../../Engine/Content/EngineMaterials/DefaultLightFunctionMaterial.uasset" 230
"../../../Engine/Content/EngineMaterials/DefaultPhysicalMaterial.uasset" 231
"../../../Engine/Content/Functions/Engine_MaterialFunctions02/Utility/BreakOutFloat2Components.uasset" 232
"../../../Engine/Content/EngineMaterials/DefaultPostProcessMaterial.uasset" 233
"../../../Engine/Content/EngineFonts/RobotoDistanceField.uasset" 234
"../../../Engine/Content/EngineMaterials/DefaultTextMaterialOpaque.uasset" 235
"../../../Engine/Content/EngineMaterials/DefaultWhiteGrid.uasset" 236
"../../../Engine/Content/EngineMaterials/EditorBrushMaterial.uasset" 237
"../../../Engine/Content/EngineMaterials/MiniFont.uasset" 238
"../../../Engine/Content/EngineMaterials/InvalidLightmapSettings.uasset" 239
"../../../Engine/Content/EngineMaterials/M_InvalidLightmapSettings.uasset" 240
"../../../Engine/Content/Functions/Engine_MaterialFunctions02/WorldPositionOffset/CameraOffset.uasset" 241
"../../../Engine/Content/EngineMaterials/PhAT_JointLimitMaterial.uasset" 242
"../../../Engine/Content/EngineMaterials/PreintegratedSkinBRDF.uasset" 243
"../../../Engine/Content/EngineMaterials/RemoveSurfaceMaterial.uasset" 244
"../../../Engine/Content/EngineMaterials/WeightMapPlaceholderTexture.uasset" 245
"../../../Engine/Content/EngineResources/WhiteSquareTexture.uasset" 246
"../../../Engine/Content/EngineMaterials/Widget3DPassThrough.uasset" 247
"../../../Engine/Content/EngineMaterials/Widget3DPassThrough_Masked.uasset" 248
"../../../Engine/Content/EngineMaterials/Widget3DPassThrough_Opaque.uasset" 249
"../../../Engine/Content/EngineMaterials/Widget3DPassThrough_Masked_OneSided.uasset" 250
"../../../Engine/Content/EngineMaterials/Widget3DPassThrough_Opaque_OneSided.uasset" 251
"../../../Engine/Content/EngineMaterials/Widget3DPassThrough_Translucent.uasset" 252
"../../../Engine/Content/EngineMaterials/Widget3DPassThrough_Translucent_OneSided.uasset" 253
"../../../Engine/Content/EngineMeshes/Cylinder.uasset" 254
"../../../Engine/Content/EngineMeshes/Sphere.uasset" 255
"../../../Engine/Content/EngineResources/Black.uasset" 256
"../../../Engine/Content/EngineResources/DefaultTexture.uasset" 257
"../../../Engine/Content/EngineResources/DefaultTextureCube.uasset" 258
"../../../Engine/Content/EngineResources/DefaultVolumeTexture2D.uasset" 259
"../../../Engine/Content/EngineResources/DefaultVolumeTexture.uasset" 260
"../../../Engine/Content/EngineResources/GradientTexture0.uasset" 261
"../../../Engine/Content/EngineSounds/Master.uasset" 262
"../../../Engine/Content/Functions/Engine_MaterialFunctions01/Shading/ConvertFromDiffSpec.uasset" 263
"../../../Engine/Content/Functions/Engine_MaterialFunctions01/Shading/PowerToRoughness.uasset" 264
"../../../Engine/Content/Maps/Templates/Thumbnails/Default.uasset" 265
"../../../Engine/Content/Maps/Templates/Thumbnails/VR-Basic.uasset" 266
"../../../Engine/Content/MobileResources/T_MobileControls_texture.uasset" 267
"../../../Engine/Content/MobileResources/T_MobileMenu2.uasset" 268
"../../../Engine/Content/MobileResources/HUD/AnalogHat.uasset" 269
"../../../Engine/Content/MobileResources/HUD/VirtualJoystick_Background.uasset" 270
"../../../Engine/Content/MobileResources/HUD/VirtualJoystick_Thumb.uasset" 271
"../../../Engine/Content/MobileResources/HUD/DefaultVirtualJoysticks.uasset" 272
"../../../Engine/Content/MobileResources/HUD/LeftVirtualJoystickOnly.uasset" 273
"../../../Engine/Content/MobileResources/HUD/MobileHUDButton1_off.uasset" 274
"../../../Engine/Content/MobileResources/HUD/MobileHUDButton1_on.uasset" 275
"../../../Engine/Content/MobileResources/HUD/MobileHUDButton2_off.uasset" 276
"../../../Engine/Content/MobileResources/HUD/MobileHUDButton2_on.uasset" 277
"../../../Engine/Content/MobileResources/HUD/MobileHUDButton3.uasset" 278
"../../../Engine/Content/MobileResources/HUD/MobileHUDButtonFire.uasset" 279
"../../../Engine/Content/MobileResources/HUD/MobileHUDDirectionPad.uasset" 280
"../../../Engine/Content/MobileResources/HUD/MobileHUDDirectionPad2.uasset" 281
"../../../Engine/Content/MobileResources/HUD/MobileHUDDirectionPad3.uasset" 282
"../../../Engine/Content/MobileResources/HUD/MobileHUDDirectionStick.uasset" 283
"../../../Engine/Content/MobileResources/HUD/T_Castle_ThumbstickInner.uasset" 284
"../../../Engine/Content/MobileResources/HUD/T_Castle_ThumbstickOutter.uasset" 285
"../../../Engine/Content/Tutorial/ContentIntroCurve.uasset" 286
"../../../Engine/Content/Tutorial/Mobile/TutorialAssets/android_Icon.uasset" 287
"../../../Engine/Content/VREditor/LaserPointer/VR_LaserPower_01.uasset" 288
"../../../Engine/Content/VREditor/TransformGizmo/TransformGizmoMaterial.uasset" 289
"../../../Engine/Content/VREditor/TransformGizmo/TranslucentTransformGizmoMaterial.uasset" 290
"../../../Engine/Content/VREditor/TransformGizmo/BoundingBoxCorner.uasset" 291
"../../../Engine/Content/VREditor/TransformGizmo/BoundingBoxEdge.uasset" 292
"../../../Engine/Content/VREditor/TransformGizmo/PlaneTranslationHandle.uasset" 293
"../../../Engine/Content/VREditor/TransformGizmo/Main.uasset" 294
"../../../Engine/Content/VREditor/TransformGizmo/Xray.uasset" 295
"../../../Engine/Content/VREditor/TransformGizmo/SM_Sequencer_Key.uasset" 296
"../../../Engine/Content/VREditor/TransformGizmo/SM_Sequencer_Node.uasset" 297
"../../Plugins/2D/Paper2D/Content/PlaceholderTextures/DummySpriteTexture.uasset" 298
"../../Plugins/2D/Paper2D/Content/DummySprite.uasset" 299
"../../Plugins/2D/Paper2D/Content/DefaultPaperTerrainMaterial.uasset" 300
"../../Plugins/2D/Paper2D/Content/DefaultSpriteMaterial.uasset" 301
"../../Plugins/2D/Paper2D/Content/MaskedUnlitSpriteMaterial.uasset" 302
"../../Plugins/2D/Paper2D/Content/OpaqueUnlitSpriteMaterial.uasset" 303
"../../Plugins/Runtime/Oculus/OculusVR/Content/Materials/PokeAHoleMaterial.uasset" 304
"../../Plugins/Runtime/Oculus/OculusVR/Content/Textures/GearVRController_AO.uasset" 305
"../../Plugins/Runtime/Oculus/OculusVR/Content/Textures/GearVRController_Color.uasset" 306
"../../Plugins/Runtime/Oculus/OculusVR/Content/Textures/GearVRController_Normal.uasset" 307
"../../Plugins/Runtime/Oculus/OculusVR/Content/Materials/GearVRControllerMaterial.uasset" 308
"../../Plugins/Runtime/Oculus/OculusVR/Content/Meshes/GearVrController.uasset" 309
"../../Plugins/Runtime/Oculus/OculusVR/Content/Textures/touchController_albedo.uasset" 310
"../../Plugins/Runtime/Oculus/OculusVR/Content/Textures/touchController_controlmap.uasset" 311
"../../Plugins/Runtime/Oculus/OculusVR/Content/Materials/touchController_mat.uasset" 312
"../../Plugins/Runtime/Oculus/OculusVR/Content/Meshes/LeftTouchController.uasset" 313
"../../Plugins/Runtime/Oculus/OculusVR/Content/Meshes/RiftHMD.uasset" 314
"../../Plugins/Runtime/Oculus/OculusVR/Content/Meshes/RightTouchController.uasset" 315
"../../../../../../Users/PCG04/Documents/Repositories/T3Candles/T3Candles/Content/StarterContent/Blueprints/Assets/FogBrightnessLUT.uasset" 316
"../../../../../../Users/PCG04/Documents/Repositories/T3Candles/T3Candles/Content/StarterContent/Blueprints/Assets/SunlightColorLUT.uasset" 317
"../../../../../../Users/PCG04/Documents/Repositories/T3Candles/T3Candles/Content/StarterContent/Blueprints/Assets/M_LightStage_Arrows.uasset" 318
"../../../Engine/Content/MapTemplates/Sky/DaylightAmbientCubemap.uasset" 319
"../../../../../../Users/PCG04/Documents/Repositories/T3Candles/T3Candles/Content/StarterContent/Blueprints/Assets/M_LightStage_Skybox_Master.uasset" 320
"../../../../../../Users/PCG04/Documents/Repositories/T3Candles/T3Candles/Content/StarterContent/Blueprints/Assets/M_LightStage_Skybox_Black.uasset" 321
"../../../../../../Users/PCG04/Documents/Repositories/T3Candles/T3Candles/Content/StarterContent/Blueprints/Assets/M_LightStage_Skybox_HDRI.uasset" 322
"../../../Engine/Content/EditorMaterials/Thumbnails/SkySphereMaterial.uasset" 323
"../../../../../../Users/PCG04/Documents/Repositories/T3Candles/T3Candles/Content/StarterContent/Blueprints/Assets/Skybox.uasset" 324
"../../../../../../Users/PCG04/Documents/Repositories/T3Candles/T3Candles/Content/StarterContent/Blueprints/Assets/SM_Arrows.uasset" 325
"../../../../../../Users/PCG04/Documents/Repositories/T3Candles/T3Candles/Content/StarterContent/HDRI/HDRI_Epic_Courtyard_Daylight.uasset" 326
"../../../../../../Users/PCG04/Documents/Repositories/T3Candles/T3Candles/Content/StarterContent/Blueprints/BP_LightStudio.uasset" 327
"../../../../../../Users/PCG04/Documents/Repositories/T3Candles/T3Candles/Content/StarterContent/Materials/M_AssetPlatform.uasset" 328
"../../../Engine/Content/EditorMeshes/ColorCalibrator/M_ChromeBall.uasset" 329
"../../../Engine/Content/EditorMeshes/ColorCalibrator/M_ClearCoat.uasset" 330
"../../../Engine/Content/EditorMeshes/ColorCalibrator/M_ClearCoatBlack.uasset" 331
"../../../Engine/Content/EditorMeshes/ColorCalibrator/Color_checker.uasset" 332
"../../../Engine/Content/EditorMeshes/ColorCalibrator/M_ColorGrid.uasset" 333
"../../../Engine/Content/EditorMeshes/ColorCalibrator/M_GreyBall.uasset" 334
"../../../Engine/Content/EditorMeshes/ColorCalibrator/SM_ColorCalibrator.uasset" 335
"../../../../../../Users/PCG04/Documents/Repositories/T3Candles/T3Candles/Content/StarterContent/Architecture/SM_AssetPlatform.uasset" 336
"../../../../../../Users/PCG04/Documents/Repositories/T3Candles/T3Candles/Content/StarterContent/Maps/Advanced_Lighting.umap" 337
"../../../Engine/Content/EditorBlueprintResources/StandardMacros.uasset" 338
"../../../Engine/Content/EngineSky/C_Sky_Cloud_Color.uasset" 339
"../../../Engine/Content/EngineSky/C_Sky_Horizon_Color.uasset" 340
"../../../Engine/Content/EngineSky/C_Sky_Zenith_Color.uasset" 341
"../../../Engine/Content/EngineSky/T_Sky_Blue.uasset" 342
"../../../Engine/Content/EngineSky/T_Sky_Clouds_M.uasset" 343
"../../../Engine/Content/EngineSky/T_Sky_Stars.uasset" 344
"../../../Engine/Content/EngineSky/M_Sky_Panning_Clouds2.uasset" 345
"../../../Engine/Content/EngineSky/SM_SkySphere.uasset" 346
"../../../Engine/Content/EngineSky/BP_Sky_Sphere.uasset" 347
"../../../../../../Users/PCG04/Documents/Repositories/T3Candles/T3Candles/Content/StarterContent/Textures/T_MacroVariation.uasset" 348
"../../../../../../Users/PCG04/Documents/Repositories/T3Candles/T3Candles/Content/StarterContent/Materials/M_Metal_Brushed_Nickel.uasset" 349
"../../../../../../Users/PCG04/Documents/Repositories/T3Candles/T3Candles/Content/StarterContent/Textures/T_Metal_Aluminum_D.uasset" 350
"../../../../../../Users/PCG04/Documents/Repositories/T3Candles/T3Candles/Content/StarterContent/Textures/T_Metal_Gold_N.uasset" 351
"../../../../../../Users/PCG04/Documents/Repositories/T3Candles/T3Candles/Content/StarterContent/Materials/M_Metal_Burnished_Steel.uasset" 352
"../../../../../../Users/PCG04/Documents/Repositories/T3Candles/T3Candles/Content/StarterContent/Textures/T_Metal_Copper_D.uasset" 353
"../../../../../../Users/PCG04/Documents/Repositories/T3Candles/T3Candles/Content/StarterContent/Materials/M_Metal_Copper.uasset" 354
"../../../../../../Users/PCG04/Documents/Repositories/T3Candles/T3Candles/Content/StarterContent/Textures/T_Statue_M.uasset" 355
"../../../../../../Users/PCG04/Documents/Repositories/T3Candles/T3Candles/Content/StarterContent/Textures/T_Statue_N.uasset" 356
"../../../../../../Users/PCG04/Documents/Repositories/T3Candles/T3Candles/Content/StarterContent/Props/Materials/M_StatueGlass.uasset" 357
"../../../../../../Users/PCG04/Documents/Repositories/T3Candles/T3Candles/Content/StarterContent/Architecture/Floor_400x400.uasset" 358
"../../../../../../Users/PCG04/Documents/Repositories/T3Candles/T3Candles/Content/StarterContent/Audio/Starter_Background_Cue.uasset" 359
"../../../../../../Users/PCG04/Documents/Repositories/T3Candles/T3Candles/Content/StarterContent/Props/SM_Chair.uasset" 360
"../../../../../../Users/PCG04/Documents/Repositories/T3Candles/T3Candles/Content/StarterContent/Props/Materials/M_Statue.uasset" 361
"../../../../../../Users/PCG04/Documents/Repositories/T3Candles/T3Candles/Content/StarterContent/Props/SM_Statue.uasset" 362
"../../../../../../Users/PCG04/Documents/Repositories/T3Candles/T3Candles/Content/StarterContent/Textures/T_TableRound_M.uasset" 363
"../../../../../../Users/PCG04/Documents/Repositories/T3Candles/T3Candles/Content/StarterContent/Textures/T_TableRound_N.uasset" 364
"../../../../../../Users/PCG04/Documents/Repositories/T3Candles/T3Candles/Content/StarterContent/Props/Materials/M_TableRound.uasset" 365
"../../../../../../Users/PCG04/Documents/Repositories/T3Candles/T3Candles/Content/StarterContent/Props/SM_TableRound.uasset" 366
"../../../../../../Users/PCG04/Documents/Repositories/T3Candles/T3Candles/Content/StarterContent/Maps/Minimal_Default.umap" 367
"../../../../../../Users/PCG04/Documents/Repositories/T3Candles/T3Candles/Content/StarterContent/Audio/Fire01_Cue.uasset" 368
"../../../../../../Users/PCG04/Documents/Repositories/T3Candles/T3Candles/Content/StarterContent/Textures/T_Fire_SubUV.uasset" 369
"../../../../../../Users/PCG04/Documents/Repositories/T3Candles/T3Candles/Content/StarterContent/Textures/T_Fire_Tiled_D.uasset" 370
"../../../../../../Users/PCG04/Documents/Repositories/T3Candles/T3Candles/Content/StarterContent/Particles/Materials/M_Fire_SubUV.uasset" 371
"../../../../../../Users/PCG04/Documents/Repositories/T3Candles/T3Candles/Content/StarterContent/Textures/T_Water_N.uasset" 372
"../../../../../../Users/PCG04/Documents/Repositories/T3Candles/T3Candles/Content/StarterContent/Particles/Materials/M_Heat_Distortion.uasset" 373
"../../../../../../Users/PCG04/Documents/Repositories/T3Candles/T3Candles/Content/StarterContent/Particles/Materials/M_Radial_Gradient.uasset" 374
"../../../../../../Users/PCG04/Documents/Repositories/T3Candles/T3Candles/Content/StarterContent/Particles/P_Fire.uasset" 375
"../../../../../../Users/PCG04/Documents/Repositories/T3Candles/T3Candles/Content/StarterContent/Blueprints/Blueprint_Effect_Fire.uasset" 376
"../../../../../../Users/PCG04/Documents/Repositories/T3Candles/T3Candles/Content/StarterContent/Audio/Smoke01_Cue.uasset" 377
"../../../../../../Users/PCG04/Documents/Repositories/T3Candles/T3Candles/Content/StarterContent/Particles/P_Smoke.uasset" 378
"../../../../../../Users/PCG04/Documents/Repositories/T3Candles/T3Candles/Content/StarterContent/Blueprints/Blueprint_Effect_Smoke.uasset" 379
"../../../../../../Users/PCG04/Documents/Repositories/T3Candles/T3Candles/Content/StarterContent/Audio/Fire_Sparks01_Cue.uasset" 380
"../../../../../../Users/PCG04/Documents/Repositories/T3Candles/T3Candles/Content/StarterContent/Textures/T_Spark_Core.uasset" 381
"../../../../../../Users/PCG04/Documents/Repositories/T3Candles/T3Candles/Content/StarterContent/Particles/Materials/M_Spark.uasset" 382
"../../../../../../Users/PCG04/Documents/Repositories/T3Candles/T3Candles/Content/StarterContent/Particles/P_Sparks.uasset" 383
"../../../../../../Users/PCG04/Documents/Repositories/T3Candles/T3Candles/Content/StarterContent/Blueprints/Blueprint_Effect_Sparks.uasset" 384
"../../../../../../Users/PCG04/Documents/Repositories/T3Candles/T3Candles/Content/StarterContent/Audio/Steam01_Cue.uasset" 385
"../../../../../../Users/PCG04/Documents/Repositories/T3Candles/T3Candles/Content/StarterContent/Particles/P_Steam_Lit.uasset" 386
"../../../../../../Users/PCG04/Documents/Repositories/T3Candles/T3Candles/Content/StarterContent/Blueprints/Blueprint_Effect_Steam.uasset" 387
"../../../../../../Users/PCG04/Documents/Repositories/T3Candles/T3Candles/Content/StarterContent/Textures/T_Lamp_M.uasset" 388
"../../../../../../Users/PCG04/Documents/Repositories/T3Candles/T3Candles/Content/StarterContent/Textures/T_Lamp_N.uasset" 389
"../../../../../../Users/PCG04/Documents/Repositories/T3Candles/T3Candles/Content/StarterContent/Props/Materials/M_Lamp.uasset" 390
"../../../../../../Users/PCG04/Documents/Repositories/T3Candles/T3Candles/Content/StarterContent/Props/SM_Lamp_Ceiling.uasset" 391
"../../../../../../Users/PCG04/Documents/Repositories/T3Candles/T3Candles/Content/StarterContent/Blueprints/Blueprint_CeilingLight.uasset" 392
"../../../../../../Users/PCG04/Documents/Repositories/T3Candles/T3Candles/Content/StarterContent/Props/SM_Lamp_Wall.uasset" 393
"../../../../../../Users/PCG04/Documents/Repositories/T3Candles/T3Candles/Content/StarterContent/Blueprints/Blueprint_WallSconce.uasset" 394
"../../../Engine/Content/Functions/Engine_MaterialFunctions03/Procedurals/ComputeFilterWidth.uasset" 395
"../../../Engine/Content/EngineMaterials/AntiAliasedTextMaterialTranslucent.uasset" 396
"../../../../../../Users/PCG04/Documents/Repositories/T3Candles/T3Candles/Content/StarterContent/Textures/T_Brick_Clay_Beveled_D.uasset" 397
"../../../../../../Users/PCG04/Documents/Repositories/T3Candles/T3Candles/Content/StarterContent/Textures/T_Brick_Clay_Beveled_M.uasset" 398
"../../../../../../Users/PCG04/Documents/Repositories/T3Candles/T3Candles/Content/StarterContent/Textures/T_Brick_Clay_Beveled_N.uasset" 399
"../../../../../../Users/PCG04/Documents/Repositories/T3Candles/T3Candles/Content/StarterContent/Materials/M_Brick_Clay_Beveled.uasset" 400
"../../../../../../Users/PCG04/Documents/Repositories/T3Candles/T3Candles/Content/StarterContent/Textures/T_Brick_Clay_New_D.uasset" 401
"../../../../../../Users/PCG04/Documents/Repositories/T3Candles/T3Candles/Content/StarterContent/Textures/T_Brick_Clay_New_M.uasset" 402
"../../../../../../Users/PCG04/Documents/Repositories/T3Candles/T3Candles/Content/StarterContent/Textures/T_Brick_Clay_New_N.uasset" 403
"../../../../../../Users/PCG04/Documents/Repositories/T3Candles/T3Candles/Content/StarterContent/Materials/M_Brick_Clay_New.uasset" 404
"../../../../../../Users/PCG04/Documents/Repositories/T3Candles/T3Candles/Content/StarterContent/Textures/T_Brick_Clay_Old_D.uasset" 405
"../../../../../../Users/PCG04/Documents/Repositories/T3Candles/T3Candles/Content/StarterContent/Textures/T_Brick_Clay_Old_N.uasset" 406
"../../../../../../Users/PCG04/Documents/Repositories/T3Candles/T3Candles/Content/StarterContent/Textures/T_Perlin_Noise_M.uasset" 407
"../../../../../../Users/PCG04/Documents/Repositories/T3Candles/T3Candles/Content/StarterContent/Materials/M_Brick_Clay_Old.uasset" 408
"../../../../../../Users/PCG04/Documents/Repositories/T3Candles/T3Candles/Content/StarterContent/Textures/T_Brick_Cut_Stone_D.uasset" 409
"../../../../../../Users/PCG04/Documents/Repositories/T3Candles/T3Candles/Content/StarterContent/Textures/T_Brick_Cut_Stone_N.uasset" 410
"../../../../../../Users/PCG04/Documents/Repositories/T3Candles/T3Candles/Content/StarterContent/Materials/M_Brick_Cut_Stone.uasset" 411
"../../../../../../Users/PCG04/Documents/Repositories/T3Candles/T3Candles/Content/StarterContent/Textures/T_Brick_Hewn_Stone_D.uasset" 412
"../../../../../../Users/PCG04/Documents/Repositories/T3Candles/T3Candles/Content/StarterContent/Textures/T_Brick_Hewn_Stone_M.uasset" 413
"../../../../../../Users/PCG04/Documents/Repositories/T3Candles/T3Candles/Content/StarterContent/Textures/T_Brick_Hewn_Stone_N.uasset" 414
"../../../../../../Users/PCG04/Documents/Repositories/T3Candles/T3Candles/Content/StarterContent/Materials/M_Brick_Hewn_Stone.uasset" 415
"../../../../../../Users/PCG04/Documents/Repositories/T3Candles/T3Candles/Content/StarterContent/Textures/T_Ceramic_Tile_M.uasset" 416
"../../../../../../Users/PCG04/Documents/Repositories/T3Candles/T3Candles/Content/StarterContent/Textures/T_Ceramic_Tile_N.uasset" 417
"../../../../../../Users/PCG04/Documents/Repositories/T3Candles/T3Candles/Content/StarterContent/Textures/T_Rock_Marble_Polished_D.uasset" 418
"../../../../../../Users/PCG04/Documents/Repositories/T3Candles/T3Candles/Content/StarterContent/Materials/M_Ceramic_Tile_Checker.uasset" 419
"../../../../../../Users/PCG04/Documents/Repositories/T3Candles/T3Candles/Content/StarterContent/Textures/T_CobbleStone_Pebble_D.uasset" 420
"../../../../../../Users/PCG04/Documents/Repositories/T3Candles/T3Candles/Content/StarterContent/Textures/T_CobbleStone_Pebble_M.uasset" 421
"../../../../../../Users/PCG04/Documents/Repositories/T3Candles/T3Candles/Content/StarterContent/Textures/T_CobbleStone_Pebble_N.uasset" 422
"../../../../../../Users/PCG04/Documents/Repositories/T3Candles/T3Candles/Content/StarterContent/Materials/M_CobbleStone_Pebble.uasset" 423
"../../../../../../Users/PCG04/Documents/Repositories/T3Candles/T3Candles/Content/StarterContent/Textures/T_CobbleStone_Rough_D.uasset" 424
"../../../../../../Users/PCG04/Documents/Repositories/T3Candles/T3Candles/Content/StarterContent/Textures/T_CobbleStone_Rough_N.uasset" 425
"../../../../../../Users/PCG04/Documents/Repositories/T3Candles/T3Candles/Content/StarterContent/Textures/T_Gradinet_01.uasset" 426
"../../../../../../Users/PCG04/Documents/Repositories/T3Candles/T3Candles/Content/StarterContent/Textures/T_Rock_Smooth_Granite_D.uasset" 427
"../../../../../../Users/PCG04/Documents/Repositories/T3Candles/T3Candles/Content/StarterContent/Materials/M_CobbleStone_Rough.uasset" 428
"../../../../../../Users/PCG04/Documents/Repositories/T3Candles/T3Candles/Content/StarterContent/Textures/T_CobbleStone_Smooth_D.uasset" 429
"../../../../../../Users/PCG04/Documents/Repositories/T3Candles/T3Candles/Content/StarterContent/Textures/T_CobbleStone_Smooth_M.uasset" 430
"../../../../../../Users/PCG04/Documents/Repositories/T3Candles/T3Candles/Content/StarterContent/Textures/T_CobbleStone_Smooth_N.uasset" 431
"../../../../../../Users/PCG04/Documents/Repositories/T3Candles/T3Candles/Content/StarterContent/Materials/M_CobbleStone_Smooth.uasset" 432
"../../../../../../Users/PCG04/Documents/Repositories/T3Candles/T3Candles/Content/StarterContent/Textures/T_Concrete_Grime_D.uasset" 433
"../../../../../../Users/PCG04/Documents/Repositories/T3Candles/T3Candles/Content/StarterContent/Textures/T_Metal_Rust_N.uasset" 434
"../../../../../../Users/PCG04/Documents/Repositories/T3Candles/T3Candles/Content/StarterContent/Materials/M_Concrete_Grime.uasset" 435
"../../../../../../Users/PCG04/Documents/Repositories/T3Candles/T3Candles/Content/StarterContent/Textures/T_Concrete_Panels_D.uasset" 436
"../../../../../../Users/PCG04/Documents/Repositories/T3Candles/T3Candles/Content/StarterContent/Textures/T_Concrete_Panels_N.uasset" 437
"../../../../../../Users/PCG04/Documents/Repositories/T3Candles/T3Candles/Content/StarterContent/Materials/M_Concrete_Panels.uasset" 438
"../../../../../../Users/PCG04/Documents/Repositories/T3Candles/T3Candles/Content/StarterContent/Textures/T_Concrete_Poured_D.uasset" 439
"../../../../../../Users/PCG04/Documents/Repositories/T3Candles/T3Candles/Content/StarterContent/Textures/T_Concrete_Poured_N.uasset" 440
"../../../../../../Users/PCG04/Documents/Repositories/T3Candles/T3Candles/Content/StarterContent/Materials/M_Concrete_Poured.uasset" 441
"../../../../../../Users/PCG04/Documents/Repositories/T3Candles/T3Candles/Content/StarterContent/Textures/T_Concrete_Tiles_D.uasset" 442
"../../../../../../Users/PCG04/Documents/Repositories/T3Candles/T3Candles/Content/StarterContent/Textures/T_Concrete_Tiles_M.uasset" 443
"../../../../../../Users/PCG04/Documents/Repositories/T3Candles/T3Candles/Content/StarterContent/Textures/T_Concrete_Tiles_N.uasset" 444
"../../../../../../Users/PCG04/Documents/Repositories/T3Candles/T3Candles/Content/StarterContent/Textures/T_Concrete_Tiles_Variation_M.uasset" 445
"../../../../../../Users/PCG04/Documents/Repositories/T3Candles/T3Candles/Content/StarterContent/Materials/M_Concrete_Tiles.uasset" 446
"../../../../../../Users/PCG04/Documents/Repositories/T3Candles/T3Candles/Content/StarterContent/Textures/T_Ground_Grass_D.uasset" 447
"../../../../../../Users/PCG04/Documents/Repositories/T3Candles/T3Candles/Content/StarterContent/Textures/T_Ground_Grass_N.uasset" 448
"../../../../../../Users/PCG04/Documents/Repositories/T3Candles/T3Candles/Content/StarterContent/Materials/M_Ground_Grass.uasset" 449
"../../../../../../Users/PCG04/Documents/Repositories/T3Candles/T3Candles/Content/StarterContent/Textures/T_Ground_Gravel_D.uasset" 450
"../../../../../../Users/PCG04/Documents/Repositories/T3Candles/T3Candles/Content/StarterContent/Textures/T_Ground_Gravel_N.uasset" 451
"../../../../../../Users/PCG04/Documents/Repositories/T3Candles/T3Candles/Content/StarterContent/Materials/M_Ground_Gravel.uasset" 452
"../../../../../../Users/PCG04/Documents/Repositories/T3Candles/T3Candles/Content/StarterContent/Textures/T_ground_Moss_D.uasset" 453
"../../../../../../Users/PCG04/Documents/Repositories/T3Candles/T3Candles/Content/StarterContent/Textures/T_Ground_Moss_N.uasset" 454
"../../../../../../Users/PCG04/Documents/Repositories/T3Candles/T3Candles/Content/StarterContent/Materials/M_Ground_Moss.uasset" 455
"../../../../../../Users/PCG04/Documents/Repositories/T3Candles/T3Candles/Content/StarterContent/Materials/M_Metal_Chrome.uasset" 456
"../../../../../../Users/PCG04/Documents/Repositories/T3Candles/T3Candles/Content/StarterContent/Textures/T_Metal_Gold_D.uasset" 457
"../../../../../../Users/PCG04/Documents/Repositories/T3Candles/T3Candles/Content/StarterContent/Materials/M_Metal_Gold.uasset" 458
"../../../../../../Users/PCG04/Documents/Repositories/T3Candles/T3Candles/Content/StarterContent/Textures/T_Metal_Rust_D.uasset" 459
"../../../../../../Users/PCG04/Documents/Repositories/T3Candles/T3Candles/Content/StarterContent/Materials/M_Metal_Rust.uasset" 460
"../../../../../../Users/PCG04/Documents/Repositories/T3Candles/T3Candles/Content/StarterContent/Textures/T_Metal_Steel_D.uasset" 461
"../../../../../../Users/PCG04/Documents/Repositories/T3Candles/T3Candles/Content/StarterContent/Textures/T_Metal_Steel_N.uasset" 462
"../../../../../../Users/PCG04/Documents/Repositories/T3Candles/T3Candles/Content/StarterContent/Materials/M_Metal_Steel.uasset" 463
"../../../../../../Users/PCG04/Documents/Repositories/T3Candles/T3Candles/Content/StarterContent/Textures/T_Rock_Basalt_N.uasset" 464
"../../../../../../Users/PCG04/Documents/Repositories/T3Candles/T3Candles/Content/StarterContent/Materials/M_Rock_Basalt.uasset" 465
"../../../../../../Users/PCG04/Documents/Repositories/T3Candles/T3Candles/Content/StarterContent/Materials/M_Rock_Marble_Polished.uasset" 466
"../../../../../../Users/PCG04/Documents/Repositories/T3Candles/T3Candles/Content/StarterContent/Textures/T_Rock_Sandstone_D.uasset" 467
"../../../../../../Users/PCG04/Documents/Repositories/T3Candles/T3Candles/Content/StarterContent/Textures/T_Rock_Sandstone_N.uasset" 468
"../../../../../../Users/PCG04/Documents/Repositories/T3Candles/T3Candles/Content/StarterContent/Materials/M_Rock_Sandstone.uasset" 469
"../../../../../../Users/PCG04/Documents/Repositories/T3Candles/T3Candles/Content/StarterContent/Textures/T_Rock_Slate_D.uasset" 470
"../../../../../../Users/PCG04/Documents/Repositories/T3Candles/T3Candles/Content/StarterContent/Textures/T_Rock_Slate_N.uasset" 471
"../../../../../../Users/PCG04/Documents/Repositories/T3Candles/T3Candles/Content/StarterContent/Materials/M_Rock_Slate.uasset" 472
"../../../../../../Users/PCG04/Documents/Repositories/T3Candles/T3Candles/Content/StarterContent/Textures/T_Checker_Noise_M.uasset" 473
"../../../../../../Users/PCG04/Documents/Repositories/T3Candles/T3Candles/Content/StarterContent/Textures/T_Single_Tile_N.uasset" 474
"../../../../../../Users/PCG04/Documents/Repositories/T3Candles/T3Candles/Content/StarterContent/Textures/T_Tech_Dot_M.uasset" 475
"../../../../../../Users/PCG04/Documents/Repositories/T3Candles/T3Candles/Content/StarterContent/Textures/T_Tech_Dot_N.uasset" 476
"../../../../../../Users/PCG04/Documents/Repositories/T3Candles/T3Candles/Content/StarterContent/Materials/M_Tech_Checker_Dot.uasset" 477
"../../../../../../Users/PCG04/Documents/Repositories/T3Candles/T3Candles/Content/StarterContent/Textures/T_Tech_Hex_Tile_M.uasset" 478
"../../../../../../Users/PCG04/Documents/Repositories/T3Candles/T3Candles/Content/StarterContent/Textures/T_Tech_Hex_Tile_N.uasset" 479
"../../../../../../Users/PCG04/Documents/Repositories/T3Candles/T3Candles/Content/StarterContent/Materials/M_Tech_Hex_Tile.uasset" 480
"../../../../../../Users/PCG04/Documents/Repositories/T3Candles/T3Candles/Content/StarterContent/Materials/M_Tech_Hex_Tile_Pulse.uasset" 481
"../../../../../../Users/PCG04/Documents/Repositories/T3Candles/T3Candles/Content/StarterContent/Textures/T_Tech_Panel_M.uasset" 482
"../../../../../../Users/PCG04/Documents/Repositories/T3Candles/T3Candles/Content/StarterContent/Textures/T_Tech_Panel_N.uasset" 483
"../../../../../../Users/PCG04/Documents/Repositories/T3Candles/T3Candles/Content/StarterContent/Materials/M_Tech_Panel.uasset" 484
"../../../../../../Users/PCG04/Documents/Repositories/T3Candles/T3Candles/Content/StarterContent/Materials/M_Water_Lake.uasset" 485
"../../../../../../Users/PCG04/Documents/Repositories/T3Candles/T3Candles/Content/StarterContent/Textures/T_Water_M.uasset" 486
"../../../../../../Users/PCG04/Documents/Repositories/T3Candles/T3Candles/Content/StarterContent/Materials/M_Water_Ocean.uasset" 487
"../../../../../../Users/PCG04/Documents/Repositories/T3Candles/T3Candles/Content/StarterContent/Textures/T_Wood_Floor_Walnut_D.uasset" 488
"../../../../../../Users/PCG04/Documents/Repositories/T3Candles/T3Candles/Content/StarterContent/Textures/T_Wood_Floor_Walnut_M.uasset" 489
"../../../../../../Users/PCG04/Documents/Repositories/T3Candles/T3Candles/Content/StarterContent/Textures/T_Wood_Floor_Walnut_N.uasset" 490
"../../../../../../Users/PCG04/Documents/Repositories/T3Candles/T3Candles/Content/StarterContent/Materials/M_Wood_Floor_Walnut_Polished.uasset" 491
"../../../Engine/Content/Functions/Engine_MaterialFunctions01/Opacity/AlphaOffset.uasset" 492
"../../../../../../Users/PCG04/Documents/Repositories/T3Candles/T3Candles/Content/StarterContent/Materials/M_Wood_Floor_Walnut_Worn.uasset" 493
"../../../../../../Users/PCG04/Documents/Repositories/T3Candles/T3Candles/Content/StarterContent/Textures/T_Wood_Oak_D.uasset" 494
"../../../../../../Users/PCG04/Documents/Repositories/T3Candles/T3Candles/Content/StarterContent/Textures/T_Wood_Oak_N.uasset" 495
"../../../../../../Users/PCG04/Documents/Repositories/T3Candles/T3Candles/Content/StarterContent/Materials/M_Wood_Oak.uasset" 496
"../../../../../../Users/PCG04/Documents/Repositories/T3Candles/T3Candles/Content/StarterContent/Textures/T_Wood_Pine_D.uasset" 497
"../../../../../../Users/PCG04/Documents/Repositories/T3Candles/T3Candles/Content/StarterContent/Textures/T_Wood_Pine_N.uasset" 498
"../../../../../../Users/PCG04/Documents/Repositories/T3Candles/T3Candles/Content/StarterContent/Materials/M_Wood_Pine.uasset" 499
"../../../../../../Users/PCG04/Documents/Repositories/T3Candles/T3Candles/Content/StarterContent/Textures/T_Wood_Walnut_D.uasset" 500
"../../../../../../Users/PCG04/Documents/Repositories/T3Candles/T3Candles/Content/StarterContent/Textures/T_Wood_Walnut_N.uasset" 501
"../../../../../../Users/PCG04/Documents/Repositories/T3Candles/T3Candles/Content/StarterContent/Materials/M_Wood_Walnut.uasset" 502
"../../../../../../Users/PCG04/Documents/Repositories/T3Candles/T3Candles/Content/StarterContent/Architecture/Wall_400x200.uasset" 503
"../../../../../../Users/PCG04/Documents/Repositories/T3Candles/T3Candles/Content/StarterContent/Architecture/Wall_Door_400x300.uasset" 504
"../../../../../../Users/PCG04/Documents/Repositories/T3Candles/T3Candles/Content/StarterContent/Architecture/Wall_Window_400x300.uasset" 505
"../../../../../../Users/PCG04/Documents/Repositories/T3Candles/T3Candles/Content/StarterContent/Audio/Collapse_Cue.uasset" 506
"../../../../../../Users/PCG04/Documents/Repositories/T3Candles/T3Candles/Content/StarterContent/Audio/Starter_Music_Cue.uasset" 507
"../../../../../../Users/PCG04/Documents/Repositories/T3Candles/T3Candles/Content/StarterContent/Textures/T_Dust_Particle_D.uasset" 508
"../../../../../../Users/PCG04/Documents/Repositories/T3Candles/T3Candles/Content/StarterContent/Particles/Materials/M_Dust_Particle.uasset" 509
"../../../../../../Users/PCG04/Documents/Repositories/T3Candles/T3Candles/Content/StarterContent/Particles/P_Ambient_Dust.uasset" 510
"../../../../../../Users/PCG04/Documents/Repositories/T3Candles/T3Candles/Content/StarterContent/Props/MaterialSphere.uasset" 511
"../../../../../../Users/PCG04/Documents/Repositories/T3Candles/T3Candles/Content/StarterContent/Textures/T_Frame_M.uasset" 512
"../../../../../../Users/PCG04/Documents/Repositories/T3Candles/T3Candles/Content/StarterContent/Textures/T_Frame_N.uasset" 513
"../../../../../../Users/PCG04/Documents/Repositories/T3Candles/T3Candles/Content/StarterContent/Props/Materials/M_Frame.uasset" 514
"../../../../../../Users/PCG04/Documents/Repositories/T3Candles/T3Candles/Content/StarterContent/Props/SM_CornerFrame.uasset" 515
"../../../../../../Users/PCG04/Documents/Repositories/T3Candles/T3Candles/Content/StarterContent/Props/SM_DoorFrame.uasset" 516
"../../../../../../Users/PCG04/Documents/Repositories/T3Candles/T3Candles/Content/StarterContent/Props/SM_GlassWindow.uasset" 517
"../../../../../../Users/PCG04/Documents/Repositories/T3Candles/T3Candles/Content/StarterContent/Props/SM_PillarFrame.uasset" 518
"../../../../../../Users/PCG04/Documents/Repositories/T3Candles/T3Candles/Content/StarterContent/Props/SM_PillarFrame300.uasset" 519
"../../../../../../Users/PCG04/Documents/Repositories/T3Candles/T3Candles/Content/StarterContent/Props/SM_WindowFrame.uasset" 520
"../../../../../../Users/PCG04/Documents/Repositories/T3Candles/T3Candles/Content/StarterContent/Shapes/Shape_Cube.uasset" 521
"../../../../../../Users/PCG04/Documents/Repositories/T3Candles/T3Candles/Content/StarterContent/Shapes/Shape_QuadPyramid.uasset" 522
"../../../../../../Users/PCG04/Documents/Repositories/T3Candles/T3Candles/Content/StarterContent/Shapes/Shape_Sphere.uasset" 523
"../../../../../../Users/PCG04/Documents/Repositories/T3Candles/T3Candles/Content/StarterContent/Maps/StarterMap.umap" 524
"../../../Engine/Content/Functions/Engine_MaterialFunctions01/Texturing/ScaleUVsByCenter.uasset" 525
"../../../Engine/Content/Functions/Engine_MaterialFunctions02/ScreenResolution.uasset" 526
"../../../Engine/Content/Functions/Engine_MaterialFunctions02/Texturing/ScreenAlignedUVs.uasset" 527
"../../../Engine/Content/Functions/Engine_MaterialFunctions02/Utility/CameraDirectionVector.uasset" 528
"../../../Engine/Content/Functions/Engine_MaterialFunctions02/Utility/DepthFromWorldPosition.uasset" 529
"../../../../../../Users/PCG04/Documents/Repositories/T3Candles/T3Candles/Content/VirtualReality/Materials/MF_OccludedPixels.uasset" 530
"../../../../../../Users/PCG04/Documents/Repositories/T3Candles/T3Candles/Content/VirtualReality/Materials/TeleportMCP.uasset" 531
"../../../Engine/Content/EngineMaterials/Good64x64TilingNoiseHighFreq.uasset" 532
"../../../../../../Users/PCG04/Documents/Repositories/T3Candles/T3Candles/Content/VirtualReality/Materials/M_ArcEndpoint.uasset" 533
"../../../../../../Users/PCG04/Documents/Repositories/T3Candles/T3Candles/Content/VirtualReality/Materials/M_TeleportPreviews.uasset" 534
"../../../../../../Users/PCG04/Documents/Repositories/T3Candles/T3Candles/Content/VirtualReality/Materials/MI_TeleportCylinderPreview.uasset" 535
"../../../Engine/Content/BasicShapes/Cylinder.uasset" 536
"../../../../../../Users/PCG04/Documents/Repositories/T3Candles/T3Candles/Content/VirtualReality/Meshes/BeaconDirection.uasset" 537
"../../../../../../Users/PCG04/Documents/Repositories/T3Candles/T3Candles/Content/VirtualReality/Meshes/SM_FatCylinder.uasset" 538
"../../../../../../Users/PCG04/Documents/Repositories/T3Candles/T3Candles/Content/VirtualRealityBP/Blueprints/HMDLocomotionPawn.uasset" 539
"../../../../../../Users/PCG04/Documents/Repositories/T3Candles/T3Candles/Content/VirtualReality/Materials/MI_BaseMaterial2.uasset" 540
"../../../../../../Users/PCG04/Documents/Repositories/T3Candles/T3Candles/Content/VirtualReality/Materials/MI_BaseMaterial3.uasset" 541
"../../../../../../Users/PCG04/Documents/Repositories/T3Candles/T3Candles/Content/Geometry/Meshes/1M_Cube.uasset" 542
"../../../../../../Users/PCG04/Documents/Repositories/T3Candles/T3Candles/Content/VirtualRealityBP/Maps/HMDLocomotionMap.umap" 543
"../../../../../../Users/PCG04/Documents/Repositories/T3Candles/T3Candles/Content/VirtualRealityBP/Blueprints/PickupActorInterface.uasset" 544
"../../../../../../Users/PCG04/Documents/Repositories/T3Candles/T3Candles/Content/ProyectoShidori/Materials/Metal.uasset" 545
"../../../../../../Users/PCG04/Documents/Repositories/T3Candles/T3Candles/Content/ProyectoShidori/Particulas/flama.uasset" 546
"../../../../../../Users/PCG04/Documents/Repositories/T3Candles/T3Candles/Content/ProyectoShidori/Particulas/Flama_Mat.uasset" 547
"../../../../../../Users/PCG04/Documents/Repositories/T3Candles/T3Candles/Content/ProyectoShidori/Particulas/Fuego.uasset" 548
"../../../../../../Users/PCG04/Documents/Repositories/T3Candles/T3Candles/Content/ProyectoShidori/Sonidos/Lighter.uasset" 549
"../../../../../../Users/PCG04/Documents/Repositories/T3Candles/T3Candles/Content/VirtualRealityBP/Models/Box01Mat.uasset" 550
"../../../../../../Users/PCG04/Documents/Repositories/T3Candles/T3Candles/Content/VirtualRealityBP/Models/Zippo_Box01.uasset" 551
"../../../../../../Users/PCG04/Documents/Repositories/T3Candles/T3Candles/Content/VirtualRealityBP/Models/Cylinder01Mat.uasset" 552
"../../../../../../Users/PCG04/Documents/Repositories/T3Candles/T3Candles/Content/VirtualRealityBP/Models/Zippo_Cylinder01.uasset" 553
"../../../../../../Users/PCG04/Documents/Repositories/T3Candles/T3Candles/Content/VirtualRealityBP/Models/Object02Mat.uasset" 554
"../../../../../../Users/PCG04/Documents/Repositories/T3Candles/T3Candles/Content/VirtualRealityBP/Models/Zippo_Object02.uasset" 555
"../../../../../../Users/PCG04/Documents/Repositories/T3Candles/T3Candles/Content/VirtualRealityBP/Models/Object03Mat.uasset" 556
"../../../../../../Users/PCG04/Documents/Repositories/T3Candles/T3Candles/Content/VirtualRealityBP/Models/Zippo_Object03.uasset" 557
"../../../../../../Users/PCG04/Documents/Repositories/T3Candles/T3Candles/Content/VirtualRealityBP/Models/Tube01Mat.uasset" 558
"../../../../../../Users/PCG04/Documents/Repositories/T3Candles/T3Candles/Content/VirtualRealityBP/Models/Zippo_Tube01.uasset" 559
"../../../../../../Users/PCG04/Documents/Repositories/T3Candles/T3Candles/Content/VirtualRealityBP/Models/Tube02Mat.uasset" 560
"../../../../../../Users/PCG04/Documents/Repositories/T3Candles/T3Candles/Content/VirtualRealityBP/Models/Zippo_Tube02.uasset" 561
"../../../../../../Users/PCG04/Documents/Repositories/T3Candles/T3Candles/Content/VirtualRealityBP/Models/Tube04Mat.uasset" 562
"../../../../../../Users/PCG04/Documents/Repositories/T3Candles/T3Candles/Content/VirtualRealityBP/Models/Zippo_Tube04.uasset" 563
"../../../../../../Users/PCG04/Documents/Repositories/T3Candles/T3Candles/Content/VirtualRealityBP/Blueprints/BP_PickupCube.uasset" 564
"../../../../../../Users/PCG04/Documents/Repositories/T3Candles/T3Candles/Content/VirtualReality/Mannequin/Character/Mesh/MannequinHand_Right_Skeleton.uasset" 565
"../../../../../../Users/PCG04/Documents/Repositories/T3Candles/T3Candles/Content/VirtualReality/Mannequin/Animations/MannequinHand_Right_CanGrab.uasset" 566
"../../../../../../Users/PCG04/Documents/Repositories/T3Candles/T3Candles/Content/VirtualReality/Mannequin/Animations/MannequinHand_Right_Grab.uasset" 567
"../../../../../../Users/PCG04/Documents/Repositories/T3Candles/T3Candles/Content/VirtualReality/Mannequin/Animations/MannequinHand_Right_Open.uasset" 568
"../../../../../../Users/PCG04/Documents/Repositories/T3Candles/T3Candles/Content/VirtualReality/Mannequin/Animations/RightGrip_BS.uasset" 569
"../../../../../../Users/PCG04/Documents/Repositories/T3Candles/T3Candles/Content/VirtualRealityBP/Blueprints/GripEnum.uasset" 570
"../../../../../../Users/PCG04/Documents/Repositories/T3Candles/T3Candles/Content/VirtualReality/Mannequin/Animations/RightHand_AnimBP.uasset" 571
"../../../../../../Users/PCG04/Documents/Repositories/T3Candles/T3Candles/Content/VirtualRealityBP/Blueprints/MotionControllerHaptics.uasset" 572
"../../../../../../Users/PCG04/Documents/Repositories/T3Candles/T3Candles/Content/VirtualReality/Materials/M_SplineArcMat.uasset" 573
"../../../../../../Users/PCG04/Documents/Repositories/T3Candles/T3Candles/Content/VirtualReality/Materials/MI_ChaperoneOutline.uasset" 574
"../../../Engine/Content/BasicShapes/Sphere.uasset" 575
"../../../../../../Users/PCG04/Documents/Repositories/T3Candles/T3Candles/Content/VirtualReality/Mannequin/Character/Textures/UE4_Mannequin__normals.uasset" 576
"../../../../../../Users/PCG04/Documents/Repositories/T3Candles/T3Candles/Content/VirtualReality/Mannequin/Character/Textures/UE4_Mannequin_MAT_MASKA.uasset" 577
"../../../../../../Users/PCG04/Documents/Repositories/T3Candles/T3Candles/Content/VirtualReality/Mannequin/Character/Materials/M_HandMat.uasset" 578
"../../../../../../Users/PCG04/Documents/Repositories/T3Candles/T3Candles/Content/VirtualReality/Mannequin/Character/Mesh/MannequinHand_Right_PhysicsAsset.uasset" 579
"../../../../../../Users/PCG04/Documents/Repositories/T3Candles/T3Candles/Content/VirtualReality/Mannequin/Character/Mesh/MannequinHand_Right.uasset" 580
"../../../../../../Users/PCG04/Documents/Repositories/T3Candles/T3Candles/Content/VirtualReality/Meshes/1x1_cube.uasset" 581
"../../../../../../Users/PCG04/Documents/Repositories/T3Candles/T3Candles/Content/VirtualReality/Meshes/BeamMesh.uasset" 582
"../../../../../../Users/PCG04/Documents/Repositories/T3Candles/T3Candles/Content/VirtualRealityBP/Blueprints/BP_MotionController.uasset" 583
"../../../../../../Users/PCG04/Documents/Repositories/T3Candles/T3Candles/Content/VirtualRealityBP/Blueprints/MotionControllerPawn.uasset" 584
"../../../../../../Users/PCG04/Documents/Repositories/T3Candles/T3Candles/Content/VirtualRealityBP/Maps/MotionControllerMap_BuiltData.uasset" 585
"../../../Engine/Content/BasicShapes/BasicShapeMaterial.uasset" 586
"../../../Engine/Content/BasicShapes/Cube.uasset" 587
"../../../../../../Users/PCG04/Documents/Repositories/T3Candles/T3Candles/Content/VirtualRealityBP/Maps/MotionControllerMap.umap" 588
"../../../../../../Users/PCG04/Documents/Repositories/T3Candles/T3Candles/Content/VirtualRealityBP/Maps/MotionControllerMap_Sc_BuiltData.uasset" 589
"../../../../../../Users/PCG04/Documents/Repositories/T3Candles/T3Candles/Content/VirtualReality/Materials/GenericHMDMaterial.uasset" 590
"../../../../../../Users/PCG04/Documents/Repositories/T3Candles/T3Candles/Content/ProyectoShidori/Models/20359_Cabinet_Bookcase_v1Mat.uasset" 591
"../../../../../../Users/PCG04/Documents/Repositories/T3Candles/T3Candles/Content/ProyectoShidori/Models/Object001Mat.uasset" 592
"../../../../../../Users/PCG04/Documents/Repositories/T3Candles/T3Candles/Content/ProyectoShidori/Models/20359_Cabinet_Bookcase_v1_Texture.uasset" 593
"../../../../../../Users/PCG04/Documents/Repositories/T3Candles/T3Candles/Content/ProyectoShidori/Models/lucyMat.uasset" 594
"../../../../../../Users/PCG04/Documents/Repositories/T3Candles/T3Candles/Content/ProyectoShidori/Models/Alucy.uasset" 595
"../../../../../../Users/PCG04/Documents/Repositories/T3Candles/T3Candles/Content/ProyectoShidori/Models/defaultMat.uasset" 596
"../../../../../../Users/PCG04/Documents/Repositories/T3Candles/T3Candles/Content/ProyectoShidori/Models/CandleStick.uasset" 597
"../../../../../../Users/PCG04/Documents/Repositories/T3Candles/T3Candles/Content/ProyectoShidori/Models/BildMat.uasset" 598
"../../../../../../Users/PCG04/Documents/Repositories/T3Candles/T3Candles/Content/ProyectoShidori/Models/GlasMat.uasset" 599
"../../../../../../Users/PCG04/Documents/Repositories/T3Candles/T3Candles/Content/ProyectoShidori/Models/R_ckseiteMat.uasset" 600
"../../../../../../Users/PCG04/Documents/Repositories/T3Candles/T3Candles/Content/ProyectoShidori/Models/RamenMat.uasset" 601
"../../../../../../Users/PCG04/Documents/Repositories/T3Candles/T3Candles/Content/ProyectoShidori/Models/Cuadrote.uasset" 602
"../../../../../../Users/PCG04/Documents/Repositories/T3Candles/T3Candles/Content/ProyectoShidori/Models/Material_001.uasset" 603
"../../../../../../Users/PCG04/Documents/Repositories/T3Candles/T3Candles/Content/ProyectoShidori/Models/Material_002.uasset" 604
"../../../../../../Users/PCG04/Documents/Repositories/T3Candles/T3Candles/Content/ProyectoShidori/Models/Material_003.uasset" 605
"../../../../../../Users/PCG04/Documents/Repositories/T3Candles/T3Candles/Content/ProyectoShidori/Models/death.uasset" 606
"../../../../../../Users/PCG04/Documents/Repositories/T3Candles/T3Candles/Content/ProyectoShidori/Models/01_-_Default.uasset" 607
"../../../../../../Users/PCG04/Documents/Repositories/T3Candles/T3Candles/Content/ProyectoShidori/Models/02_-_Default.uasset" 608
"../../../../../../Users/PCG04/Documents/Repositories/T3Candles/T3Candles/Content/ProyectoShidori/Models/03_-_Default.uasset" 609
"../../../../../../Users/PCG04/Documents/Repositories/T3Candles/T3Candles/Content/ProyectoShidori/Models/Fire_Place.uasset" 610
"../../../../../../Users/PCG04/Documents/Repositories/T3Candles/T3Candles/Content/ProyectoShidori/Models/fountainMat.uasset" 611
"../../../../../../Users/PCG04/Documents/Repositories/T3Candles/T3Candles/Content/ProyectoShidori/Models/fountain.uasset" 612
"../../../../../../Users/PCG04/Documents/Repositories/T3Candles/T3Candles/Content/ProyectoShidori/Models/table_w_clothMat.uasset" 613
"../../../../../../Users/PCG04/Documents/Repositories/T3Candles/T3Candles/Content/ProyectoShidori/Models/Mesa.uasset" 614
"../../../../../../Users/PCG04/Documents/Repositories/T3Candles/T3Candles/Content/ProyectoShidori/Models/Nivel/mapauv_W1_BaseColor.uasset" 615
"../../../../../../Users/PCG04/Documents/Repositories/T3Candles/T3Candles/Content/ProyectoShidori/Models/Nivel/mapauv_W1_Normal.uasset" 616
"../../../../../../Users/PCG04/Documents/Repositories/T3Candles/T3Candles/Content/ProyectoShidori/Models/Nivel/mapauv_W1_OcclusionRoughnessMetallic.uasset" 617
"../../../../../../Users/PCG04/Documents/Repositories/T3Candles/T3Candles/Content/ProyectoShidori/Models/Nivel/W1.uasset" 618
"../../../../../../Users/PCG04/Documents/Repositories/T3Candles/T3Candles/Content/ProyectoShidori/Models/Nivel/mapauv_W10_BaseColor.uasset" 619
"../../../../../../Users/PCG04/Documents/Repositories/T3Candles/T3Candles/Content/ProyectoShidori/Models/Nivel/mapauv_W10_Normal.uasset" 620
"../../../../../../Users/PCG04/Documents/Repositories/T3Candles/T3Candles/Content/ProyectoShidori/Models/Nivel/mapauv_W10_OcclusionRoughnessMetallic.uasset" 621
"../../../../../../Users/PCG04/Documents/Repositories/T3Candles/T3Candles/Content/ProyectoShidori/Models/Nivel/W10.uasset" 622
"../../../../../../Users/PCG04/Documents/Repositories/T3Candles/T3Candles/Content/ProyectoShidori/Models/Nivel/mapauv_W11_BaseColor.uasset" 623
"../../../../../../Users/PCG04/Documents/Repositories/T3Candles/T3Candles/Content/ProyectoShidori/Models/Nivel/mapauv_W11_Normal.uasset" 624
"../../../../../../Users/PCG04/Documents/Repositories/T3Candles/T3Candles/Content/ProyectoShidori/Models/Nivel/mapauv_W11_OcclusionRoughnessMetallic.uasset" 625
"../../../../../../Users/PCG04/Documents/Repositories/T3Candles/T3Candles/Content/ProyectoShidori/Models/Nivel/W11.uasset" 626
"../../../../../../Users/PCG04/Documents/Repositories/T3Candles/T3Candles/Content/ProyectoShidori/Models/Nivel/mapauv_W12_BaseColor.uasset" 627
"../../../../../../Users/PCG04/Documents/Repositories/T3Candles/T3Candles/Content/ProyectoShidori/Models/Nivel/mapauv_W12_Normal.uasset" 628
"../../../../../../Users/PCG04/Documents/Repositories/T3Candles/T3Candles/Content/ProyectoShidori/Models/Nivel/mapauv_W12_OcclusionRoughnessMetallic.uasset" 629
"../../../../../../Users/PCG04/Documents/Repositories/T3Candles/T3Candles/Content/ProyectoShidori/Models/Nivel/W12.uasset" 630
"../../../../../../Users/PCG04/Documents/Repositories/T3Candles/T3Candles/Content/ProyectoShidori/Models/Nivel/mapauv_W13_BaseColor.uasset" 631
"../../../../../../Users/PCG04/Documents/Repositories/T3Candles/T3Candles/Content/ProyectoShidori/Models/Nivel/mapauv_W13_Normal.uasset" 632
"../../../../../../Users/PCG04/Documents/Repositories/T3Candles/T3Candles/Content/ProyectoShidori/Models/Nivel/mapauv_W13_OcclusionRoughnessMetallic.uasset" 633
"../../../../../../Users/PCG04/Documents/Repositories/T3Candles/T3Candles/Content/ProyectoShidori/Models/Nivel/W13.uasset" 634
"../../../../../../Users/PCG04/Documents/Repositories/T3Candles/T3Candles/Content/ProyectoShidori/Models/Nivel/mapauv_W14_BaseColor.uasset" 635
"../../../../../../Users/PCG04/Documents/Repositories/T3Candles/T3Candles/Content/ProyectoShidori/Models/Nivel/mapauv_W14_Normal.uasset" 636
"../../../../../../Users/PCG04/Documents/Repositories/T3Candles/T3Candles/Content/ProyectoShidori/Models/Nivel/mapauv_W14_OcclusionRoughnessMetallic.uasset" 637
"../../../../../../Users/PCG04/Documents/Repositories/T3Candles/T3Candles/Content/ProyectoShidori/Models/Nivel/W14.uasset" 638
"../../../../../../Users/PCG04/Documents/Repositories/T3Candles/T3Candles/Content/ProyectoShidori/Models/Nivel/mapauv_W15_BaseColor.uasset" 639
"../../../../../../Users/PCG04/Documents/Repositories/T3Candles/T3Candles/Content/ProyectoShidori/Models/Nivel/mapauv_W15_Normal.uasset" 640
"../../../../../../Users/PCG04/Documents/Repositories/T3Candles/T3Candles/Content/ProyectoShidori/Models/Nivel/mapauv_W15_OcclusionRoughnessMetallic.uasset" 641
"../../../../../../Users/PCG04/Documents/Repositories/T3Candles/T3Candles/Content/ProyectoShidori/Models/Nivel/W15.uasset" 642
"../../../../../../Users/PCG04/Documents/Repositories/T3Candles/T3Candles/Content/ProyectoShidori/Models/Nivel/mapauv_W16_BaseColor.uasset" 643
"../../../../../../Users/PCG04/Documents/Repositories/T3Candles/T3Candles/Content/ProyectoShidori/Models/Nivel/mapauv_W16_Normal.uasset" 644
"../../../../../../Users/PCG04/Documents/Repositories/T3Candles/T3Candles/Content/ProyectoShidori/Models/Nivel/mapauv_W16_OcclusionRoughnessMetallic.uasset" 645
"../../../../../../Users/PCG04/Documents/Repositories/T3Candles/T3Candles/Content/ProyectoShidori/Models/Nivel/W16.uasset" 646
"../../../../../../Users/PCG04/Documents/Repositories/T3Candles/T3Candles/Content/ProyectoShidori/Models/Nivel/mapauv_W17_BaseColor.uasset" 647
"../../../../../../Users/PCG04/Documents/Repositories/T3Candles/T3Candles/Content/ProyectoShidori/Models/Nivel/mapauv_W17_Normal.uasset" 648
"../../../../../../Users/PCG04/Documents/Repositories/T3Candles/T3Candles/Content/ProyectoShidori/Models/Nivel/mapauv_W17_OcclusionRoughnessMetallic.uasset" 649
"../../../../../../Users/PCG04/Documents/Repositories/T3Candles/T3Candles/Content/ProyectoShidori/Models/Nivel/W17.uasset" 650
"../../../../../../Users/PCG04/Documents/Repositories/T3Candles/T3Candles/Content/ProyectoShidori/Models/Nivel/mapauv_W18_BaseColor.uasset" 651
"../../../../../../Users/PCG04/Documents/Repositories/T3Candles/T3Candles/Content/ProyectoShidori/Models/Nivel/mapauv_W18_Normal.uasset" 652
"../../../../../../Users/PCG04/Documents/Repositories/T3Candles/T3Candles/Content/ProyectoShidori/Models/Nivel/mapauv_W18_OcclusionRoughnessMetallic.uasset" 653
"../../../../../../Users/PCG04/Documents/Repositories/T3Candles/T3Candles/Content/ProyectoShidori/Models/Nivel/W18.uasset" 654
"../../../../../../Users/PCG04/Documents/Repositories/T3Candles/T3Candles/Content/ProyectoShidori/Models/Nivel/mapauv_W19_BaseColor.uasset" 655
"../../../../../../Users/PCG04/Documents/Repositories/T3Candles/T3Candles/Content/ProyectoShidori/Models/Nivel/mapauv_W19_Normal.uasset" 656
"../../../../../../Users/PCG04/Documents/Repositories/T3Candles/T3Candles/Content/ProyectoShidori/Models/Nivel/mapauv_W19_OcclusionRoughnessMetallic.uasset" 657
"../../../../../../Users/PCG04/Documents/Repositories/T3Candles/T3Candles/Content/ProyectoShidori/Models/Nivel/W19.uasset" 658
"../../../../../../Users/PCG04/Documents/Repositories/T3Candles/T3Candles/Content/ProyectoShidori/Models/Nivel/mapauv_W2_BaseColor.uasset" 659
"../../../../../../Users/PCG04/Documents/Repositories/T3Candles/T3Candles/Content/ProyectoShidori/Models/Nivel/mapauv_W2_Normal.uasset" 660
"../../../../../../Users/PCG04/Documents/Repositories/T3Candles/T3Candles/Content/ProyectoShidori/Models/Nivel/mapauv_W2_OcclusionRoughnessMetallic.uasset" 661
"../../../../../../Users/PCG04/Documents/Repositories/T3Candles/T3Candles/Content/ProyectoShidori/Models/Nivel/W2.uasset" 662
"../../../../../../Users/PCG04/Documents/Repositories/T3Candles/T3Candles/Content/ProyectoShidori/Models/Nivel/W20.uasset" 663
"../../../../../../Users/PCG04/Documents/Repositories/T3Candles/T3Candles/Content/ProyectoShidori/Models/Nivel/mapauv_W3_BaseColor.uasset" 664
"../../../../../../Users/PCG04/Documents/Repositories/T3Candles/T3Candles/Content/ProyectoShidori/Models/Nivel/mapauv_W3_Normal.uasset" 665
"../../../../../../Users/PCG04/Documents/Repositories/T3Candles/T3Candles/Content/ProyectoShidori/Models/Nivel/mapauv_W3_OcclusionRoughnessMetallic.uasset" 666
"../../../../../../Users/PCG04/Documents/Repositories/T3Candles/T3Candles/Content/ProyectoShidori/Models/Nivel/W3.uasset" 667
"../../../../../../Users/PCG04/Documents/Repositories/T3Candles/T3Candles/Content/ProyectoShidori/Models/Nivel/mapauv_W4_BaseColor.uasset" 668
"../../../../../../Users/PCG04/Documents/Repositories/T3Candles/T3Candles/Content/ProyectoShidori/Models/Nivel/mapauv_W4_Normal.uasset" 669
"../../../../../../Users/PCG04/Documents/Repositories/T3Candles/T3Candles/Content/ProyectoShidori/Models/Nivel/mapauv_W4_OcclusionRoughnessMetallic.uasset" 670
"../../../../../../Users/PCG04/Documents/Repositories/T3Candles/T3Candles/Content/ProyectoShidori/Models/Nivel/W4.uasset" 671
"../../../../../../Users/PCG04/Documents/Repositories/T3Candles/T3Candles/Content/ProyectoShidori/Models/Nivel/mapauv_W5_BaseColor.uasset" 672
"../../../../../../Users/PCG04/Documents/Repositories/T3Candles/T3Candles/Content/ProyectoShidori/Models/Nivel/mapauv_W5_Normal.uasset" 673
"../../../../../../Users/PCG04/Documents/Repositories/T3Candles/T3Candles/Content/ProyectoShidori/Models/Nivel/mapauv_W5_OcclusionRoughnessMetallic.uasset" 674
"../../../../../../Users/PCG04/Documents/Repositories/T3Candles/T3Candles/Content/ProyectoShidori/Models/Nivel/W5.uasset" 675
"../../../../../../Users/PCG04/Documents/Repositories/T3Candles/T3Candles/Content/ProyectoShidori/Models/Nivel/mapauv_W6_BaseColor.uasset" 676
"../../../../../../Users/PCG04/Documents/Repositories/T3Candles/T3Candles/Content/ProyectoShidori/Models/Nivel/mapauv_W6_Normal.uasset" 677
"../../../../../../Users/PCG04/Documents/Repositories/T3Candles/T3Candles/Content/ProyectoShidori/Models/Nivel/mapauv_W6_OcclusionRoughnessMetallic.uasset" 678
"../../../../../../Users/PCG04/Documents/Repositories/T3Candles/T3Candles/Content/ProyectoShidori/Models/Nivel/W6.uasset" 679
"../../../../../../Users/PCG04/Documents/Repositories/T3Candles/T3Candles/Content/ProyectoShidori/Models/Nivel/mapauv_W7_BaseColor.uasset" 680
"../../../../../../Users/PCG04/Documents/Repositories/T3Candles/T3Candles/Content/ProyectoShidori/Models/Nivel/mapauv_W7_Normal.uasset" 681
"../../../../../../Users/PCG04/Documents/Repositories/T3Candles/T3Candles/Content/ProyectoShidori/Models/Nivel/mapauv_W7_OcclusionRoughnessMetallic.uasset" 682
"../../../../../../Users/PCG04/Documents/Repositories/T3Candles/T3Candles/Content/ProyectoShidori/Models/Nivel/W7.uasset" 683
"../../../../../../Users/PCG04/Documents/Repositories/T3Candles/T3Candles/Content/ProyectoShidori/Models/Nivel/mapauv_W8_BaseColor.uasset" 684
"../../../../../../Users/PCG04/Documents/Repositories/T3Candles/T3Candles/Content/ProyectoShidori/Models/Nivel/mapauv_W8_Normal.uasset" 685
"../../../../../../Users/PCG04/Documents/Repositories/T3Candles/T3Candles/Content/ProyectoShidori/Models/Nivel/mapauv_W8_OcclusionRoughnessMetallic.uasset" 686
"../../../../../../Users/PCG04/Documents/Repositories/T3Candles/T3Candles/Content/ProyectoShidori/Models/Nivel/W8.uasset" 687
"../../../../../../Users/PCG04/Documents/Repositories/T3Candles/T3Candles/Content/ProyectoShidori/Models/Nivel/mapauv_W9_BaseColor.uasset" 688
"../../../../../../Users/PCG04/Documents/Repositories/T3Candles/T3Candles/Content/ProyectoShidori/Models/Nivel/mapauv_W9_Normal.uasset" 689
"../../../../../../Users/PCG04/Documents/Repositories/T3Candles/T3Candles/Content/ProyectoShidori/Models/Nivel/mapauv_W9_OcclusionRoughnessMetallic.uasset" 690
"../../../../../../Users/PCG04/Documents/Repositories/T3Candles/T3Candles/Content/ProyectoShidori/Models/Nivel/W9.uasset" 691
"../../../../../../Users/PCG04/Documents/Repositories/T3Candles/T3Candles/Content/ProyectoShidori/Models/Nivel/mapauv.uasset" 692
"../../../../../../Users/PCG04/Documents/Repositories/T3Candles/T3Candles/Content/ProyectoShidori/Models/Nojka_LP4_Detached01Mat.uasset" 693
"../../../../../../Users/PCG04/Documents/Repositories/T3Candles/T3Candles/Content/ProyectoShidori/Models/Silla.uasset" 694
"../../../../../../Users/PCG04/Documents/Repositories/T3Candles/T3Candles/Content/ProyectoShidori/Models/Chair_backMat.uasset" 695
"../../../../../../Users/PCG04/Documents/Repositories/T3Candles/T3Candles/Content/ProyectoShidori/Models/Chair_buttonMat.uasset" 696
"../../../../../../Users/PCG04/Documents/Repositories/T3Candles/T3Candles/Content/ProyectoShidori/Models/Chair_footMat.uasset" 697
"../../../../../../Users/PCG04/Documents/Repositories/T3Candles/T3Candles/Content/ProyectoShidori/Models/Chair_metalMat.uasset" 698
"../../../../../../Users/PCG04/Documents/Repositories/T3Candles/T3Candles/Content/ProyectoShidori/Models/Sillaf.uasset" 699
"../../../../../../Users/PCG04/Documents/Repositories/T3Candles/T3Candles/Content/ProyectoShidori/Models/10252_Traditional_Sofa_v1_SGMat.uasset" 700
"../../../../../../Users/PCG04/Documents/Repositories/T3Candles/T3Candles/Content/ProyectoShidori/Models/Sillones.uasset" 701
"../../../../../../Users/PCG04/Documents/Repositories/T3Candles/T3Candles/Content/VirtualRealityBP/Maps/MotionControllerMap_Sc.umap" 702
"../../../../../../Users/PCG04/Documents/Repositories/T3Candles/T3Candles/Content/VirtualReality/Meshes/GenericHMD.uasset" 703
"../../../../../../Users/PCG04/Documents/Repositories/T3Candles/T3Candles/Content/VirtualRealityBP/Maps/StartupMap.umap" 704
"../../../Engine/Content/Maps/Entry_BuiltData.uasset" 705
"../../../Engine/Content/Maps/Entry.umap" 706
